This is pdfTeX, Version 3.1415926-2.5-1.40.14 (MiKTeX 2.9 64-bit) (preloaded format=pdflatex 2013.11.6)  4 DEC 2014 22:20
entering extended mode
**document.tex
(C:\Users\markus\Desktop\PC2\4.2\document.tex
LaTeX2e <2011/06/27>
Babel <v3.8m> and hyphenation patterns for english, afrikaans, ancientgreek, ar
abic, armenian, assamese, basque, bengali, bokmal, bulgarian, catalan, coptic, 
croatian, czech, danish, dutch, esperanto, estonian, farsi, finnish, french, ga
lician, german, german-x-2013-05-26, greek, gujarati, hindi, hungarian, iceland
ic, indonesian, interlingua, irish, italian, kannada, kurmanji, latin, latvian,
 lithuanian, malayalam, marathi, mongolian, mongolianlmc, monogreek, ngerman, n
german-x-2013-05-26, nynorsk, oriya, panjabi, pinyin, polish, portuguese, roman
ian, russian, sanskrit, serbian, slovak, slovenian, spanish, swedish, swissgerm
an, tamil, telugu, turkish, turkmen, ukenglish, ukrainian, uppersorbian, usengl
ishmax, welsh, loaded.
("C:\Program Files\MiKTeX\tex\latex\koma-script\scrartcl.cls"
Document Class: scrartcl 2012/07/29 v3.11b KOMA-Script document class (article)

("C:\Program Files\MiKTeX\tex\latex\koma-script\scrkbase.sty"
Package: scrkbase 2012/07/29 v3.11b KOMA-Script package (KOMA-Script-dependent 
basics and keyval usage)

("C:\Program Files\MiKTeX\tex\latex\koma-script\scrbase.sty"
Package: scrbase 2012/07/29 v3.11b KOMA-Script package (KOMA-Script-independent
 basics and keyval usage)

("C:\Program Files\MiKTeX\tex\latex\graphics\keyval.sty"
Package: keyval 1999/03/16 v1.13 key=value parser (DPC)
\KV@toks@=\toks14
)
("C:\Program Files\MiKTeX\tex\latex\koma-script\scrlfile.sty"
Package: scrlfile 2012/06/15 v3.12 KOMA-Script package (loading files)

Package scrlfile, 2012/06/15 v3.12 KOMA-Script package (loading files)
                  Copyright (C) Markus Kohm

))) ("C:\Program Files\MiKTeX\tex\latex\koma-script\tocbasic.sty"
Package: tocbasic 2012/04/04 v3.10b KOMA-Script package (handling toc-files)
)
Package tocbasic Info: omitting babel extension for `toc'
(tocbasic)             because of feature `nobabel' available
(tocbasic)             for `toc' on input line 115.
Package tocbasic Info: omitting babel extension for `lof'
(tocbasic)             because of feature `nobabel' available
(tocbasic)             for `lof' on input line 116.
Package tocbasic Info: omitting babel extension for `lot'
(tocbasic)             because of feature `nobabel' available
(tocbasic)             for `lot' on input line 117.
Package scrartcl Info: You've used obsolete option `11pt'.
(scrartcl)             \KOMAExecuteOptions{fontsize=11pt} will be
(scrartcl)             used instead.
(scrartcl)             You may simply replace `11pt'
(scrartcl)             by `fontsize=11pt'.
Class scrartcl Info: File `scrsize11pt.clo' used to setup font sizes on input l
ine 1267.

("C:\Program Files\MiKTeX\tex\latex\koma-script\scrsize11pt.clo"
File: scrsize11pt.clo 2012/07/29 v3.11b KOMA-Script font size class option (11p
t)
)
("C:\Program Files\MiKTeX\tex\latex\koma-script\typearea.sty"
Package: typearea 2012/07/29 v3.11b KOMA-Script package (type area)

Package typearea, 2012/07/29 v3.11b KOMA-Script package (type area)
                  Copyright (C) Frank Neukam, 1992-1994
                  Copyright (C) Markus Kohm, 1994-

\ta@bcor=\skip41
\ta@div=\count79
\ta@hblk=\skip42
\ta@vblk=\skip43
\ta@temp=\skip44
Package typearea Info: These are the values describing the layout:
(typearea)             DIV  = 10
(typearea)             BCOR = 0.0pt
(typearea)             \paperwidth      = 597.50793pt
(typearea)              \textwidth      = 418.25555pt
(typearea)              DIV departure   = -6%
(typearea)              \evensidemargin = 17.3562pt
(typearea)              \oddsidemargin  = 17.3562pt
(typearea)             \paperheight     = 845.04694pt
(typearea)              \textheight     = 595.80026pt
(typearea)              \topmargin      = -25.16531pt
(typearea)              \headheight     = 17.0pt
(typearea)              \headsep        = 20.40001pt
(typearea)              \topskip        = 11.0pt
(typearea)              \footskip       = 47.60002pt
(typearea)              \baselineskip   = 13.6pt
(typearea)              on input line 1213.
)
\c@part=\count80
\c@section=\count81
\c@subsection=\count82
\c@subsubsection=\count83
\c@paragraph=\count84
\c@subparagraph=\count85
\abovecaptionskip=\skip45
\belowcaptionskip=\skip46
\c@pti@nb@sid@b@x=\box26
\c@figure=\count86
\c@table=\count87
\bibindent=\dimen102
) ("C:\Program Files\MiKTeX\tex\latex\base\inputenc.sty"
Package: inputenc 2008/03/30 v1.1d Input encoding file
\inpenc@prehook=\toks15
\inpenc@posthook=\toks16

("C:\Program Files\MiKTeX\tex\latex\base\latin1.def"
File: latin1.def 2008/03/30 v1.1d Input encoding file
))
("C:\Program Files\MiKTeX\tex\latex\base\fontenc.sty"
Package: fontenc 2005/09/27 v1.99g Standard LaTeX package

("C:\Program Files\MiKTeX\tex\latex\base\t1enc.def"
File: t1enc.def 2005/09/27 v1.99g Standard LaTeX file
LaTeX Font Info:    Redeclaring font encoding T1 on input line 43.
))
("C:\Program Files\MiKTeX\tex\latex\lm\lmodern.sty"
Package: lmodern 2009/10/30 v1.6 Latin Modern Fonts
LaTeX Font Info:    Overwriting symbol font `operators' in version `normal'
(Font)                  OT1/cmr/m/n --> OT1/lmr/m/n on input line 22.
LaTeX Font Info:    Overwriting symbol font `letters' in version `normal'
(Font)                  OML/cmm/m/it --> OML/lmm/m/it on input line 23.
LaTeX Font Info:    Overwriting symbol font `symbols' in version `normal'
(Font)                  OMS/cmsy/m/n --> OMS/lmsy/m/n on input line 24.
LaTeX Font Info:    Overwriting symbol font `largesymbols' in version `normal'
(Font)                  OMX/cmex/m/n --> OMX/lmex/m/n on input line 25.
LaTeX Font Info:    Overwriting symbol font `operators' in version `bold'
(Font)                  OT1/cmr/bx/n --> OT1/lmr/bx/n on input line 26.
LaTeX Font Info:    Overwriting symbol font `letters' in version `bold'
(Font)                  OML/cmm/b/it --> OML/lmm/b/it on input line 27.
LaTeX Font Info:    Overwriting symbol font `symbols' in version `bold'
(Font)                  OMS/cmsy/b/n --> OMS/lmsy/b/n on input line 28.
LaTeX Font Info:    Overwriting symbol font `largesymbols' in version `bold'
(Font)                  OMX/cmex/m/n --> OMX/lmex/m/n on input line 29.
LaTeX Font Info:    Overwriting math alphabet `\mathbf' in version `normal'
(Font)                  OT1/cmr/bx/n --> OT1/lmr/bx/n on input line 31.
LaTeX Font Info:    Overwriting math alphabet `\mathsf' in version `normal'
(Font)                  OT1/cmss/m/n --> OT1/lmss/m/n on input line 32.
LaTeX Font Info:    Overwriting math alphabet `\mathit' in version `normal'
(Font)                  OT1/cmr/m/it --> OT1/lmr/m/it on input line 33.
LaTeX Font Info:    Overwriting math alphabet `\mathtt' in version `normal'
(Font)                  OT1/cmtt/m/n --> OT1/lmtt/m/n on input line 34.
LaTeX Font Info:    Overwriting math alphabet `\mathbf' in version `bold'
(Font)                  OT1/cmr/bx/n --> OT1/lmr/bx/n on input line 35.
LaTeX Font Info:    Overwriting math alphabet `\mathsf' in version `bold'
(Font)                  OT1/cmss/bx/n --> OT1/lmss/bx/n on input line 36.
LaTeX Font Info:    Overwriting math alphabet `\mathit' in version `bold'
(Font)                  OT1/cmr/bx/it --> OT1/lmr/bx/it on input line 37.
LaTeX Font Info:    Overwriting math alphabet `\mathtt' in version `bold'
(Font)                  OT1/cmtt/m/n --> OT1/lmtt/m/n on input line 38.
)
("C:\Program Files\MiKTeX\tex\latex\geometry\geometry.sty"
Package: geometry 2010/09/12 v5.6 Page Geometry

("C:\Program Files\MiKTeX\tex\generic\oberdiek\ifpdf.sty"
Package: ifpdf 2011/01/30 v2.3 Provides the ifpdf switch (HO)
Package ifpdf Info: pdfTeX in PDF mode is detected.
)
("C:\Program Files\MiKTeX\tex\generic\oberdiek\ifvtex.sty"
Package: ifvtex 2010/03/01 v1.5 Detect VTeX and its facilities (HO)
Package ifvtex Info: VTeX not detected.
)
("C:\Program Files\MiKTeX\tex\generic\ifxetex\ifxetex.sty"
Package: ifxetex 2010/09/12 v0.6 Provides ifxetex conditional
)
\Gm@cnth=\count88
\Gm@cntv=\count89
\c@Gm@tempcnt=\count90
\Gm@bindingoffset=\dimen103
\Gm@wd@mp=\dimen104
\Gm@odd@mp=\dimen105
\Gm@even@mp=\dimen106
\Gm@layoutwidth=\dimen107
\Gm@layoutheight=\dimen108
\Gm@layouthoffset=\dimen109
\Gm@layoutvoffset=\dimen110
\Gm@dimlist=\toks17

("C:\Program Files\MiKTeX\tex\latex\geometry\geometry.cfg"))
("C:\Program Files\MiKTeX\tex\latex\graphics\graphicx.sty"
Package: graphicx 1999/02/16 v1.0f Enhanced LaTeX Graphics (DPC,SPQR)

("C:\Program Files\MiKTeX\tex\latex\graphics\graphics.sty"
Package: graphics 2009/02/05 v1.0o Standard LaTeX Graphics (DPC,SPQR)

("C:\Program Files\MiKTeX\tex\latex\graphics\trig.sty"
Package: trig 1999/03/16 v1.09 sin cos tan (DPC)
)
("C:\Program Files\MiKTeX\tex\latex\00miktex\graphics.cfg"
File: graphics.cfg 2007/01/18 v1.5 graphics configuration of teTeX/TeXLive
)
Package graphics Info: Driver file: pdftex.def on input line 91.

("C:\Program Files\MiKTeX\tex\latex\pdftex-def\pdftex.def"
File: pdftex.def 2011/05/27 v0.06d Graphics/color for pdfTeX

("C:\Program Files\MiKTeX\tex\generic\oberdiek\infwarerr.sty"
Package: infwarerr 2010/04/08 v1.3 Providing info/warning/error messages (HO)
)
("C:\Program Files\MiKTeX\tex\generic\oberdiek\ltxcmds.sty"
Package: ltxcmds 2011/11/09 v1.22 LaTeX kernel commands for general use (HO)
)
\Gread@gobject=\count91
))
\Gin@req@height=\dimen111
\Gin@req@width=\dimen112
)
("C:\Program Files\MiKTeX\tex\latex\ltxmisc\parskip.sty"
Package: parskip 2001/04/09 non-zero parskip adjustments
)
("C:\Program Files\MiKTeX\tex\latex\booktabs\booktabs.sty"
Package: booktabs 2005/04/14 v1.61803 publication quality tables
\heavyrulewidth=\dimen113
\lightrulewidth=\dimen114
\cmidrulewidth=\dimen115
\belowrulesep=\dimen116
\belowbottomsep=\dimen117
\aboverulesep=\dimen118
\abovetopsep=\dimen119
\cmidrulesep=\dimen120
\cmidrulekern=\dimen121
\defaultaddspace=\dimen122
\@cmidla=\count92
\@cmidlb=\count93
\@aboverulesep=\dimen123
\@belowrulesep=\dimen124
\@thisruleclass=\count94
\@lastruleclass=\count95
\@thisrulewidth=\dimen125
)
("C:\Program Files\MiKTeX\tex\latex\paralist\paralist.sty"
Package: paralist 2013/06/09 v2.4 Extended list environments
\pltopsep=\skip47
\plpartopsep=\skip48
\plitemsep=\skip49
\plparsep=\skip50
\pl@lab=\toks18
)
("C:\Program Files\MiKTeX\tex\latex\tools\verbatim.sty"
Package: verbatim 2003/08/22 v1.5q LaTeX2e package for verbatim enhancements
\every@verbatim=\toks19
\verbatim@line=\toks20
\verbatim@in@stream=\read1
)
("C:\Program Files\MiKTeX\tex\latex\subfig\subfig.sty"
Package: subfig 2005/06/28 ver: 1.3 subfig package

("C:\Program Files\MiKTeX\tex\latex\caption\caption.sty"
Package: caption 2013/05/02 v3.3-89 Customizing captions (AR)

("C:\Program Files\MiKTeX\tex\latex\caption\caption3.sty"
Package: caption3 2013/05/02 v1.6-88 caption3 kernel (AR)
Package caption3 Info: TeX engine: e-TeX on input line 57.
\captionmargin=\dimen126
\captionmargin@=\dimen127
\captionwidth=\dimen128
\caption@tempdima=\dimen129
\caption@indent=\dimen130
\caption@parindent=\dimen131
\caption@hangindent=\dimen132
)
Package caption Info: KOMA-Script document class.
\c@ContinuedFloat=\count96
)
\c@KVtest=\count97
\sf@farskip=\skip51
\sf@captopadj=\dimen133
\sf@capskip=\skip52
\sf@nearskip=\skip53
\c@subfigure=\count98
\c@subfigure@save=\count99
\c@lofdepth=\count100
\c@subtable=\count101
\c@subtable@save=\count102
\c@lotdepth=\count103
\sf@top=\skip54
\sf@bottom=\skip55
)
("C:\Program Files\MiKTeX\tex\latex\graphics\color.sty"
Package: color 2005/11/14 v1.0j Standard LaTeX Color (DPC)

("C:\Program Files\MiKTeX\tex\latex\00miktex\color.cfg"
File: color.cfg 2007/01/18 v1.5 color configuration of teTeX/TeXLive
)
Package color Info: Driver file: pdftex.def on input line 130.
)
("C:\Program Files\MiKTeX\tex\generic\babel\babel.sty"
Package: babel 2008/07/08 v3.8m The Babel package

*************************************
* Local config file bblopts.cfg used
*
("C:\Program Files\MiKTeX\tex\latex\00miktex\bblopts.cfg"
File: bblopts.cfg 2006/07/31 v1.0 MiKTeX 'babel' configuration
)
("C:\Program Files\MiKTeX\tex\generic\babel\germanb.ldf"
Language: germanb 2008/06/01 v2.6m German support from the babel system

("C:\Program Files\MiKTeX\tex\generic\babel\babel.def"
File: babel.def 2008/07/08 v3.8m Babel common definitions
\babel@savecnt=\count104
\U@D=\dimen134
)
\l@austrian = a dialect from \language\l@german 
Package babel Info: Making " an active character on input line 102.
))
("C:\Program Files\MiKTeX\tex\latex\units\units.sty"
Package: units 1998/08/04 v0.9b Typesetting units

("C:\Program Files\MiKTeX\tex\latex\base\ifthen.sty"
Package: ifthen 2001/05/26 v1.1c Standard LaTeX ifthen package (DPC)
)
("C:\Program Files\MiKTeX\tex\latex\units\nicefrac.sty"
Package: nicefrac 1998/08/04 v0.9b Nice fractions
\L@UnitsRaiseDisplaystyle=\skip56
\L@UnitsRaiseTextstyle=\skip57
\L@UnitsRaiseScriptstyle=\skip58
))
("C:\Program Files\MiKTeX\tex\latex\setspace\setspace.sty"
Package: setspace 2011/12/19 v6.7a set line spacing
)
("C:\Program Files\MiKTeX\tex\latex\amsmath\amsmath.sty"
Package: amsmath 2013/01/14 v2.14 AMS math features
\@mathmargin=\skip59

For additional information on amsmath, use the `?' option.
("C:\Program Files\MiKTeX\tex\latex\amsmath\amstext.sty"
Package: amstext 2000/06/29 v2.01

("C:\Program Files\MiKTeX\tex\latex\amsmath\amsgen.sty"
File: amsgen.sty 1999/11/30 v2.0
\@emptytoks=\toks21
\ex@=\dimen135
))
("C:\Program Files\MiKTeX\tex\latex\amsmath\amsbsy.sty"
Package: amsbsy 1999/11/29 v1.2d
\pmbraise@=\dimen136
)
("C:\Program Files\MiKTeX\tex\latex\amsmath\amsopn.sty"
Package: amsopn 1999/12/14 v2.01 operator names
)
\inf@bad=\count105
LaTeX Info: Redefining \frac on input line 210.
\uproot@=\count106
\leftroot@=\count107
LaTeX Info: Redefining \overline on input line 306.
\classnum@=\count108
\DOTSCASE@=\count109
LaTeX Info: Redefining \ldots on input line 378.
LaTeX Info: Redefining \dots on input line 381.
LaTeX Info: Redefining \cdots on input line 466.
\Mathstrutbox@=\box27
\strutbox@=\box28
\big@size=\dimen137
LaTeX Font Info:    Redeclaring font encoding OML on input line 566.
LaTeX Font Info:    Redeclaring font encoding OMS on input line 567.
\macc@depth=\count110
\c@MaxMatrixCols=\count111
\dotsspace@=\muskip10
\c@parentequation=\count112
\dspbrk@lvl=\count113
\tag@help=\toks22
\row@=\count114
\column@=\count115
\maxfields@=\count116
\andhelp@=\toks23
\eqnshift@=\dimen138
\alignsep@=\dimen139
\tagshift@=\dimen140
\tagwidth@=\dimen141
\totwidth@=\dimen142
\lineht@=\dimen143
\@envbody=\toks24
\multlinegap=\skip60
\multlinetaggap=\skip61
\mathdisplay@stack=\toks25
LaTeX Info: Redefining \[ on input line 2665.
LaTeX Info: Redefining \] on input line 2666.
)
("C:\Program Files\MiKTeX\tex\latex\amsfonts\amsfonts.sty"
Package: amsfonts 2013/01/14 v3.01 Basic AMSFonts support
\symAMSa=\mathgroup4
\symAMSb=\mathgroup5
LaTeX Font Info:    Overwriting math alphabet `\mathfrak' in version `bold'
(Font)                  U/euf/m/n --> U/euf/b/n on input line 106.
)
("C:\Program Files\MiKTeX\tex\latex\amsfonts\amssymb.sty"
Package: amssymb 2013/01/14 v3.01 AMS font symbols
)
("C:\Program Files\MiKTeX\tex\latex\was\icomma.sty"
Package: icomma 2002/03/10 v2.0 (WaS)
)
("C:\Program Files\MiKTeX\tex\latex\tools\enumerate.sty"
Package: enumerate 1999/03/05 v3.00 enumerate extensions (DPC)
\@enLab=\toks26
)
("C:\Program Files\MiKTeX\tex\latex\chemmacros\chemmacros.sty"
("C:\Program Files\MiKTeX\tex\latex\l3kernel\expl3.sty"
("C:\Program Files\MiKTeX\tex\latex\l3kernel\l3names.sty"
("C:\Program Files\MiKTeX\tex\latex\l3kernel\l3bootstrap.sty"
Package: l3bootstrap 2013/07/28 v4581 L3 Experimental bootstrap code
)
Package: l3names 2012/12/07 v4346 L3 Namespace for primitives
)
("C:\Program Files\MiKTeX\tex\latex\misc\etex.sty"
Package: etex 1998/03/26 v2.0 eTeX basic definition package (PEB)
\et@xins=\count117
)
Package: expl3 2013/10/13 v4597 L3 Experimental code bundle wrapper

("C:\Program Files\MiKTeX\tex\latex\l3kernel\l3basics.sty"
Package: l3basics 2013/07/28 v4581 L3 Basic definitions
)
("C:\Program Files\MiKTeX\tex\latex\l3kernel\l3expan.sty"
Package: l3expan 2013/08/17 v4584 L3 Argument expansion
)
("C:\Program Files\MiKTeX\tex\latex\l3kernel\l3tl.sty"
Package: l3tl 2013/09/16 v4592 L3 Token lists
)
("C:\Program Files\MiKTeX\tex\latex\l3kernel\l3seq.sty"
Package: l3seq 2013/07/28 v4581 L3 Sequences and stacks
)
("C:\Program Files\MiKTeX\tex\latex\l3kernel\l3int.sty"
Package: l3int 2013/08/02 v4583 L3 Integers
\c_max_int=\count118
\l_tmpa_int=\count119
\l_tmpb_int=\count120
\g_tmpa_int=\count121
\g_tmpb_int=\count122
)
("C:\Program Files\MiKTeX\tex\latex\l3kernel\l3quark.sty"
Package: l3quark 2013/07/21 v4564 L3 Quarks
)
("C:\Program Files\MiKTeX\tex\latex\l3kernel\l3prg.sty"
Package: l3prg 2013/08/25 v4587 L3 Control structures
\g__prg_map_int=\count123
)
("C:\Program Files\MiKTeX\tex\latex\l3kernel\l3clist.sty"
Package: l3clist 2013/07/28 v4581 L3 Comma separated lists
)
("C:\Program Files\MiKTeX\tex\latex\l3kernel\l3token.sty"
Package: l3token 2013/08/25 v4587 L3 Experimental token manipulation
)
("C:\Program Files\MiKTeX\tex\latex\l3kernel\l3prop.sty"
Package: l3prop 2013/07/28 v4581 L3 Property lists
)
("C:\Program Files\MiKTeX\tex\latex\l3kernel\l3msg.sty"
Package: l3msg 2013/07/28 v4581 L3 Messages
)
("C:\Program Files\MiKTeX\tex\latex\l3kernel\l3file.sty"
Package: l3file 2013/10/13 v4596 L3 File and I/O operations
\l_iow_line_count_int=\count124
\l__iow_target_count_int=\count125
\l__iow_current_line_int=\count126
\l__iow_current_word_int=\count127
\l__iow_current_indentation_int=\count128
)
("C:\Program Files\MiKTeX\tex\latex\l3kernel\l3skip.sty"
Package: l3skip 2013/07/28 v4581 L3 Dimensions and skips
\c_zero_dim=\dimen144
\c_max_dim=\dimen145
\l_tmpa_dim=\dimen146
\l_tmpb_dim=\dimen147
\g_tmpa_dim=\dimen148
\g_tmpb_dim=\dimen149
\c_zero_skip=\skip62
\c_max_skip=\skip63
\l_tmpa_skip=\skip64
\l_tmpb_skip=\skip65
\g_tmpa_skip=\skip66
\g_tmpb_skip=\skip67
\c_zero_muskip=\muskip11
\c_max_muskip=\muskip12
\l_tmpa_muskip=\muskip13
\l_tmpb_muskip=\muskip14
\g_tmpa_muskip=\muskip15
\g_tmpb_muskip=\muskip16
)
("C:\Program Files\MiKTeX\tex\latex\l3kernel\l3keys.sty"
Package: l3keys 2013/07/28 v4581 L3 Experimental key-value interfaces
\g__keyval_level_int=\count129
\l_keys_choice_int=\count130
)
("C:\Program Files\MiKTeX\tex\latex\l3kernel\l3fp.sty"
Package: l3fp 2013/07/09 v4521 L3 Floating points
\c__fp_leading_shift_int=\count131
\c__fp_middle_shift_int=\count132
\c__fp_trailing_shift_int=\count133
\c__fp_big_leading_shift_int=\count134
\c__fp_big_middle_shift_int=\count135
\c__fp_big_trailing_shift_int=\count136
\c__fp_Bigg_leading_shift_int=\count137
\c__fp_Bigg_middle_shift_int=\count138
\c__fp_Bigg_trailing_shift_int=\count139
)
("C:\Program Files\MiKTeX\tex\latex\l3kernel\l3box.sty"
Package: l3box 2013/07/28 v4581 L3 Experimental boxes
\c_empty_box=\box29
\l_tmpa_box=\box30
\l_tmpb_box=\box31
\g_tmpa_box=\box32
\g_tmpb_box=\box33
)
("C:\Program Files\MiKTeX\tex\latex\l3kernel\l3coffins.sty"
Package: l3coffins 2012/09/09 v4212 L3 Coffin code layer
\l__coffin_internal_box=\box34
\l__coffin_internal_dim=\dimen150
\l__coffin_offset_x_dim=\dimen151
\l__coffin_offset_y_dim=\dimen152
\l__coffin_x_dim=\dimen153
\l__coffin_y_dim=\dimen154
\l__coffin_x_prime_dim=\dimen155
\l__coffin_y_prime_dim=\dimen156
\c_empty_coffin=\box35
\l__coffin_aligned_coffin=\box36
\l__coffin_aligned_internal_coffin=\box37
\l_tmpa_coffin=\box38
\l_tmpb_coffin=\box39
\l__coffin_display_coffin=\box40
\l__coffin_display_coord_coffin=\box41
\l__coffin_display_pole_coffin=\box42
\l__coffin_display_offset_dim=\dimen157
\l__coffin_display_x_dim=\dimen158
\l__coffin_display_y_dim=\dimen159
)
("C:\Program Files\MiKTeX\tex\latex\l3kernel\l3color.sty"
Package: l3color 2012/08/29 v4156 L3 Experimental color support
)
("C:\Program Files\MiKTeX\tex\latex\l3kernel\l3luatex.sty"
Package: l3luatex 2013/07/28 v4581 L3 Experimental LuaTeX-specific functions
\g__cctab_allocate_int=\count140
\g__cctab_stack_int=\count141
)
("C:\Program Files\MiKTeX\tex\latex\l3kernel\l3candidates.sty"
Package: l3candidates 2013/07/24 v4576 L3 Experimental additions to l3kernel
\l__box_top_dim=\dimen160
\l__box_bottom_dim=\dimen161
\l__box_left_dim=\dimen162
\l__box_right_dim=\dimen163
\l__box_top_new_dim=\dimen164
\l__box_bottom_new_dim=\dimen165
\l__box_left_new_dim=\dimen166
\l__box_right_new_dim=\dimen167
\l__box_internal_box=\box43
\l__coffin_bounding_shift_dim=\dimen168
\l__coffin_left_corner_dim=\dimen169
\l__coffin_right_corner_dim=\dimen170
\l__coffin_bottom_corner_dim=\dimen171
\l__coffin_top_corner_dim=\dimen172
\l__coffin_scaled_total_height_dim=\dimen173
\l__coffin_scaled_width_dim=\dimen174
))
("C:\Program Files\MiKTeX\tex\latex\l3packages\xparse\xparse.sty"
Package: xparse 2013/10/13 v4597 L3 Experimental document command parser
\l__xparse_current_arg_int=\count142
\l__xparse_m_args_int=\count143
\l__xparse_mandatory_args_int=\count144
\l__xparse_processor_int=\count145
\l__xparse_v_nesting_int=\count146
)
("C:\Program Files\MiKTeX\tex\latex\l3packages\l3keys2e\l3keys2e.sty"
Package: l3keys2e 2013/10/13 v4597 LaTeX2e option processing using LaTeX3 keys
)
Package: chemmacros 2013/11/04 v4.2b loads of little helpers for chemists (CN)
Variant \prop_if_in:NVTF already defined; not changing it on line 54
Variant \prop_put:NVn already defined; not changing it on line 55
Variant \prop_get:NVNTF already defined; not changing it on line 56

("C:\Program Files\MiKTeX\tex\latex\environ\environ.sty"
Package: environ 2013/04/01 v0.3 A new environment syntax

("C:\Program Files\MiKTeX\tex\latex\trimspaces\trimspaces.sty"
Package: trimspaces 2009/09/17 v1.1 Trim spaces around a token list
))
("C:\Program Files\MiKTeX\tex\latex\etoolbox\etoolbox.sty"
Package: etoolbox 2011/01/03 v2.1 e-TeX tools for LaTeX
\etb@tempcnta=\count147
)
("C:\Program Files\MiKTeX\tex\latex\translations\translations.sty"
Package: translations 2013/09/30 v1.1a internationalization of LaTeX2e packages
 (CN)
)
("C:\Program Files\MiKTeX\tex\latex\l3packages\xfrac\xfrac.sty"
("C:\Program Files\MiKTeX\tex\latex\base\textcomp.sty"
Package: textcomp 2005/09/27 v1.99g Standard LaTeX package
Package textcomp Info: Sub-encoding information:
(textcomp)               5 = only ISO-Adobe without \textcurrency
(textcomp)               4 = 5 + \texteuro
(textcomp)               3 = 4 + \textohm
(textcomp)               2 = 3 + \textestimated + \textcurrency
(textcomp)               1 = TS1 - \textcircled - \t
(textcomp)               0 = TS1 (full)
(textcomp)             Font families with sub-encoding setting implement
(textcomp)             only a restricted character set as indicated.
(textcomp)             Family '?' is the default used for unknown fonts.
(textcomp)             See the documentation for details.
Package textcomp Info: Setting ? sub-encoding to TS1/1 on input line 71.

("C:\Program Files\MiKTeX\tex\latex\base\ts1enc.def"
File: ts1enc.def 2001/06/05 v3.0e (jk/car/fm) Standard LaTeX file
)
LaTeX Info: Redefining \oldstylenums on input line 266.
Package textcomp Info: Setting cmr sub-encoding to TS1/0 on input line 281.
Package textcomp Info: Setting cmss sub-encoding to TS1/0 on input line 282.
Package textcomp Info: Setting cmtt sub-encoding to TS1/0 on input line 283.
Package textcomp Info: Setting cmvtt sub-encoding to TS1/0 on input line 284.
Package textcomp Info: Setting cmbr sub-encoding to TS1/0 on input line 285.
Package textcomp Info: Setting cmtl sub-encoding to TS1/0 on input line 286.
Package textcomp Info: Setting ccr sub-encoding to TS1/0 on input line 287.
Package textcomp Info: Setting ptm sub-encoding to TS1/4 on input line 288.
Package textcomp Info: Setting pcr sub-encoding to TS1/4 on input line 289.
Package textcomp Info: Setting phv sub-encoding to TS1/4 on input line 290.
Package textcomp Info: Setting ppl sub-encoding to TS1/3 on input line 291.
Package textcomp Info: Setting pag sub-encoding to TS1/4 on input line 292.
Package textcomp Info: Setting pbk sub-encoding to TS1/4 on input line 293.
Package textcomp Info: Setting pnc sub-encoding to TS1/4 on input line 294.
Package textcomp Info: Setting pzc sub-encoding to TS1/4 on input line 295.
Package textcomp Info: Setting bch sub-encoding to TS1/4 on input line 296.
Package textcomp Info: Setting put sub-encoding to TS1/5 on input line 297.
Package textcomp Info: Setting uag sub-encoding to TS1/5 on input line 298.
Package textcomp Info: Setting ugq sub-encoding to TS1/5 on input line 299.
Package textcomp Info: Setting ul8 sub-encoding to TS1/4 on input line 300.
Package textcomp Info: Setting ul9 sub-encoding to TS1/4 on input line 301.
Package textcomp Info: Setting augie sub-encoding to TS1/5 on input line 302.
Package textcomp Info: Setting dayrom sub-encoding to TS1/3 on input line 303.
Package textcomp Info: Setting dayroms sub-encoding to TS1/3 on input line 304.

Package textcomp Info: Setting pxr sub-encoding to TS1/0 on input line 305.
Package textcomp Info: Setting pxss sub-encoding to TS1/0 on input line 306.
Package textcomp Info: Setting pxtt sub-encoding to TS1/0 on input line 307.
Package textcomp Info: Setting txr sub-encoding to TS1/0 on input line 308.
Package textcomp Info: Setting txss sub-encoding to TS1/0 on input line 309.
Package textcomp Info: Setting txtt sub-encoding to TS1/0 on input line 310.
Package textcomp Info: Setting lmr sub-encoding to TS1/0 on input line 311.
Package textcomp Info: Setting lmdh sub-encoding to TS1/0 on input line 312.
Package textcomp Info: Setting lmss sub-encoding to TS1/0 on input line 313.
Package textcomp Info: Setting lmssq sub-encoding to TS1/0 on input line 314.
Package textcomp Info: Setting lmvtt sub-encoding to TS1/0 on input line 315.
Package textcomp Info: Setting qhv sub-encoding to TS1/0 on input line 316.
Package textcomp Info: Setting qag sub-encoding to TS1/0 on input line 317.
Package textcomp Info: Setting qbk sub-encoding to TS1/0 on input line 318.
Package textcomp Info: Setting qcr sub-encoding to TS1/0 on input line 319.
Package textcomp Info: Setting qcs sub-encoding to TS1/0 on input line 320.
Package textcomp Info: Setting qpl sub-encoding to TS1/0 on input line 321.
Package textcomp Info: Setting qtm sub-encoding to TS1/0 on input line 322.
Package textcomp Info: Setting qzc sub-encoding to TS1/0 on input line 323.
Package textcomp Info: Setting qhvc sub-encoding to TS1/0 on input line 324.
Package textcomp Info: Setting futs sub-encoding to TS1/4 on input line 325.
Package textcomp Info: Setting futx sub-encoding to TS1/4 on input line 326.
Package textcomp Info: Setting futj sub-encoding to TS1/4 on input line 327.
Package textcomp Info: Setting hlh sub-encoding to TS1/3 on input line 328.
Package textcomp Info: Setting hls sub-encoding to TS1/3 on input line 329.
Package textcomp Info: Setting hlst sub-encoding to TS1/3 on input line 330.
Package textcomp Info: Setting hlct sub-encoding to TS1/5 on input line 331.
Package textcomp Info: Setting hlx sub-encoding to TS1/5 on input line 332.
Package textcomp Info: Setting hlce sub-encoding to TS1/5 on input line 333.
Package textcomp Info: Setting hlcn sub-encoding to TS1/5 on input line 334.
Package textcomp Info: Setting hlcw sub-encoding to TS1/5 on input line 335.
Package textcomp Info: Setting hlcf sub-encoding to TS1/5 on input line 336.
Package textcomp Info: Setting pplx sub-encoding to TS1/3 on input line 337.
Package textcomp Info: Setting pplj sub-encoding to TS1/3 on input line 338.
Package textcomp Info: Setting ptmx sub-encoding to TS1/4 on input line 339.
Package textcomp Info: Setting ptmj sub-encoding to TS1/4 on input line 340.
)
("C:\Program Files\MiKTeX\tex\latex\l3packages\xtemplate\xtemplate.sty"
Package: xtemplate 2013/10/13 v4597 L3 Experimental prototype document function
s
\l__xtemplate_tmp_dim=\dimen175
\l__xtemplate_tmp_int=\count148
\l__xtemplate_tmp_muskip=\muskip17
\l__xtemplate_tmp_skip=\skip68
Variant \prop_get:NoNTF already defined; not changing it on line 106
Variant \prop_get:NoNT already defined; not changing it on line 107
Variant \prop_get:NoNF already defined; not changing it on line 108
)
Package: xfrac 2012/11/09 v4299 L3 Experimental split-level fractions
\l__xfrac_slash_box=\box44
\l__xfrac_tmp_box=\box45
\l__xfrac_denominator_bot_sep_dim=\dimen176
\l__xfrac_numerator_bot_sep_dim=\dimen177
\l__xfrac_numerator_top_sep_dim=\dimen178
\l__xfrac_slash_left_sep_dim=\dimen179
\l__xfrac_slash_right_sep_dim=\dimen180
\l__xfrac_slash_left_muskip=\muskip18
\l__xfrac_slash_right_muskip=\muskip19
.................................................
. xtemplate info: "declare-object-type"
. 
. Declaring object type 'xfrac' taking 3 argument(s) on line 96.
.................................................
.................................................
. LaTeX info: "xparse/define-command"
. 
. Defining document command \sfrac with arg. spec. 'omom' on line 436.
.................................................
)
("C:\Program Files\MiKTeX\tex\latex\siunitx\siunitx.sty"
Package: siunitx 2013/07/31 v2.5s A comprehensive (SI) units package

("C:\Program Files\MiKTeX\tex\latex\tools\array.sty"
Package: array 2008/09/09 v2.4c Tabular extension package (FMi)
\col@sep=\dimen181
\extrarowheight=\dimen182
\NC@list=\toks27
\extratabsurround=\skip69
\backup@length=\skip70
)
Variant \tl_if_blank:VTF already defined; not changing it on line 50
\l__siunitx_tmp_box=\box46
\l__siunitx_tmp_dim=\dimen183
\l__siunitx_tmp_int=\count149
Variant \prop_get:NVNT already defined; not changing it on line 371
Variant \prop_get:NVNF already defined; not changing it on line 372
Variant \prop_get:NVNTF already defined; not changing it on line 373
\l__siunitx_number_mantissa_length_int=\count150
\l__siunitx_number_uncert_length_int=\count151
\l__siunitx_round_int=\count152
\l__siunitx_process_decimal_int=\count153
\l__siunitx_process_uncertainty_int=\count154
\l__siunitx_process_fixed_int=\count155
\l__siunitx_process_integer_min_int=\count156
\l__siunitx_process_precision_int=\count157
\l__siunitx_group_min_int=\count158
\l__siunitx_angle_marker_box=\box47
\l__siunitx_angle_unit_box=\box48
\l__siunitx_angle_marker_dim=\dimen184
\l__siunitx_angle_unit_dim=\dimen185
\l__siunitx_unit_int=\count159
\l__siunitx_unit_denominator_int=\count160
\l__siunitx_unit_numerator_int=\count161
\l__siunitx_unit_prefix_int=\count162
\l__siunitx_unit_prefix_base_int=\count163
\l__siunitx_unit_prefix_gram_int=\count164
\l__siunitx_number_product_int=\count165
\c__siunitx_one_fill_skip=\skip71
\l__siunitx_table_unit_align_skip=\skip72
\l__siunitx_table_exponent_dim=\dimen186
\l__siunitx_table_integer_dim=\dimen187
\l__siunitx_table_mantissa_dim=\dimen188
\l__siunitx_table_marker_dim=\dimen189
\l__siunitx_table_result_dim=\dimen190
\l__siunitx_table_uncert_dim=\dimen191
\l__siunitx_table_fill_pre_dim=\dimen192
\l__siunitx_table_fill_post_dim=\dimen193
\l__siunitx_table_fill_mid_dim=\dimen194
\l__siunitx_table_pre_box=\box49
\l__siunitx_table_post_box=\box50
\l__siunitx_table_mantissa_box=\box51
\l__siunitx_table_result_box=\box52
\l__siunitx_table_number_align_skip=\skip73
\l__siunitx_table_text_align_skip=\skip74
.................................................
. LaTeX info: "xparse/define-command"
. 
. Defining document command \DeclareBinaryPrefix with arg. spec. 'mmm' on line
. 7101.
.................................................
.................................................
. LaTeX info: "xparse/define-command"
. 
. Defining document command \DeclareSIPostPower with arg. spec. 'mm' on line
. 7104.
.................................................
.................................................
. LaTeX info: "xparse/define-command"
. 
. Defining document command \DeclareSIPrefix with arg. spec. 'mmm' on line
. 7107.
.................................................
.................................................
. LaTeX info: "xparse/define-command"
. 
. Defining document command \DeclareSIPrePower with arg. spec. 'mm' on line
. 7110.
.................................................
.................................................
. LaTeX info: "xparse/define-command"
. 
. Defining document command \DeclareSIQualifier with arg. spec. 'mm' on line
. 7113.
.................................................
.................................................
. LaTeX info: "xparse/define-command"
. 
. Defining document command \DeclareSIUnit with arg. spec. 'O{}mm' on line
. 7116.
.................................................
.................................................
. LaTeX info: "xparse/define-command"
. 
. Defining document command \DeclareSIUnitWithOptions with arg. spec. 'mmm' on
. line 7119.
.................................................
.................................................
. LaTeX info: "xparse/define-command"
. 
. Defining document command \ang with arg. spec. 'o>{\SplitArgument {2}{;}}m'
. on line 7134.
.................................................
.................................................
. LaTeX info: "xparse/define-command"
. 
. Defining document command \num with arg. spec. 'om' on line 7142.
.................................................
.................................................
. LaTeX info: "xparse/define-command"
. 
. Defining document command \numlist with arg. spec. 'o>{\SplitList {;}}m' on
. line 7150.
.................................................
.................................................
. LaTeX info: "xparse/define-command"
. 
. Defining document command \numrange with arg. spec. 'omm' on line 7158.
.................................................
.................................................
. LaTeX info: "xparse/define-command"
. 
. Defining document command \SIlist with arg. spec. 'o>{\SplitList {;}}mm' on
. line 7169.
.................................................
.................................................
. LaTeX info: "xparse/define-command"
. 
. Defining document command \SIrange with arg. spec. 'ommm' on line 7180.
.................................................
.................................................
. LaTeX info: "xparse/define-command"
. 
. Defining document command \SI with arg. spec. 'omom' on line 7191.
.................................................
.................................................
. LaTeX info: "xparse/define-command"
. 
. Defining document command \sisetup with arg. spec. 'm' on line 7194.
.................................................
.................................................
. LaTeX info: "xparse/define-command"
. 
. Defining document command \tablenum with arg. spec. 'om' on line 7206.
.................................................
.................................................
. LaTeX info: "xparse/define-command"
. 
. Defining document command \si with arg. spec. 'om' on line 7217.
.................................................
.................................................
. LaTeX info: "xparse/define-command"
. 
. Defining document command \__siunitx_bookmark_num:w with arg. spec. 'om' on
. line 7262.
.................................................
.................................................
. LaTeX info: "xparse/define-command"
. 
. Defining document command \__siunitx_bookmark_numrange:w with arg. spec.
. 'omm' on line 7264.
.................................................
.................................................
. LaTeX info: "xparse/define-command"
. 
. Defining document command \__siunitx_bookmark_SI:w with arg. spec. 'omom' on
. line 7266.
.................................................
.................................................
. LaTeX info: "xparse/define-command"
. 
. Defining document command \__siunitx_bookmark_SIlist:w with arg. spec. 'omm'
. on line 7268.
.................................................
.................................................
. LaTeX info: "xparse/define-command"
. 
. Defining document command \__siunitx_bookmark_SIrange:w with arg. spec.
. 'ommm' on line 7270.
.................................................
.................................................
. LaTeX info: "xparse/define-command"
. 
. Defining document command \__siunitx_bookmark_si:w with arg. spec. 'om' on
. line 7271.
.................................................
\g__file_internal_ior=\read2

("C:\Program Files\MiKTeX\tex\latex\beamer\base\translator\translator.sty"
Package: translator 2010/06/12 ver 1.10

("C:\Program Files\MiKTeX\tex\latex\beamer\base\translator\translator-language-
mappings.tex"))) ("C:\Program Files\MiKTeX\tex\latex\pgf\frontendlayer\tikz.sty
" ("C:\Program Files\MiKTeX\tex\latex\pgf\basiclayer\pgf.sty"
("C:\Program Files\MiKTeX\tex\latex\pgf\utilities\pgfrcs.sty"
("C:\Program Files\MiKTeX\tex\generic\pgf\utilities\pgfutil-common.tex"
\pgfutil@everybye=\toks28
)
("C:\Program Files\MiKTeX\tex\generic\pgf\utilities\pgfutil-latex.def"
\pgfutil@abb=\box53

("C:\Program Files\MiKTeX\tex\latex\ms\everyshi.sty"
Package: everyshi 2001/05/15 v3.00 EveryShipout Package (MS)
))
("C:\Program Files\MiKTeX\tex\generic\pgf\utilities\pgfrcs.code.tex"
Package: pgfrcs 2010/10/25 v2.10 (rcs-revision 1.24)
))
Package: pgf 2008/01/15 v2.10 (rcs-revision 1.12)

("C:\Program Files\MiKTeX\tex\latex\pgf\basiclayer\pgfcore.sty"
("C:\Program Files\MiKTeX\tex\latex\pgf\systemlayer\pgfsys.sty"
("C:\Program Files\MiKTeX\tex\generic\pgf\systemlayer\pgfsys.code.tex"
Package: pgfsys 2010/06/30 v2.10 (rcs-revision 1.37)

("C:\Program Files\MiKTeX\tex\generic\pgf\utilities\pgfkeys.code.tex"
\pgfkeys@pathtoks=\toks29
\pgfkeys@temptoks=\toks30

("C:\Program Files\MiKTeX\tex\generic\pgf\utilities\pgfkeysfiltered.code.tex"
\pgfkeys@tmptoks=\toks31
))
\pgf@x=\dimen195
\pgf@y=\dimen196
\pgf@xa=\dimen197
\pgf@ya=\dimen198
\pgf@xb=\dimen199
\pgf@yb=\dimen200
\pgf@xc=\dimen201
Normal \dimen register pool exhausted, switching to extended pool.
\pgf@yc=\dimen256
\w@pgf@writea=\write3
\r@pgf@reada=\read3
\c@pgf@counta=\count166
\c@pgf@countb=\count167
\c@pgf@countc=\count168
\c@pgf@countd=\count169
("C:\Program Files\MiKTeX\tex\generic\pgf\systemlayer\pgf.cfg"
File: pgf.cfg 2008/05/14  (rcs-revision 1.7)
)
Package pgfsys Info: Driver file for pgf: pgfsys-pdftex.def on input line 900.

("C:\Program Files\MiKTeX\tex\generic\pgf\systemlayer\pgfsys-pdftex.def"
File: pgfsys-pdftex.def 2009/05/22  (rcs-revision 1.26)

("C:\Program Files\MiKTeX\tex\generic\pgf\systemlayer\pgfsys-common-pdf.def"
File: pgfsys-common-pdf.def 2008/05/19  (rcs-revision 1.10)
))) ("C:\Program Files\MiKTeX\tex\generic\pgf\systemlayer\pgfsyssoftpath.code.t
ex"
File: pgfsyssoftpath.code.tex 2008/07/18  (rcs-revision 1.7)
\pgfsyssoftpath@smallbuffer@items=\count170
\pgfsyssoftpath@bigbuffer@items=\count171
) ("C:\Program Files\MiKTeX\tex\generic\pgf\systemlayer\pgfsysprotocol.code.tex
"
File: pgfsysprotocol.code.tex 2006/10/16  (rcs-revision 1.4)
)) ("C:\Program Files\MiKTeX\tex\latex\xcolor\xcolor.sty"
Package: xcolor 2007/01/21 v2.11 LaTeX color extensions (UK)

("C:\Program Files\MiKTeX\tex\latex\00miktex\color.cfg"
File: color.cfg 2007/01/18 v1.5 color configuration of teTeX/TeXLive
)
Package xcolor Info: Driver file: pdftex.def on input line 225.
LaTeX Info: Redefining \color on input line 702.
Package xcolor Info: Model `cmy' substituted by `cmy0' on input line 1337.
Package xcolor Info: Model `hsb' substituted by `rgb' on input line 1341.
Package xcolor Info: Model `RGB' extended on input line 1353.
Package xcolor Info: Model `HTML' substituted by `rgb' on input line 1355.
Package xcolor Info: Model `Hsb' substituted by `hsb' on input line 1356.
Package xcolor Info: Model `tHsb' substituted by `hsb' on input line 1357.
Package xcolor Info: Model `HSB' substituted by `hsb' on input line 1358.
Package xcolor Info: Model `Gray' substituted by `gray' on input line 1359.
Package xcolor Info: Model `wave' substituted by `hsb' on input line 1360.
)
("C:\Program Files\MiKTeX\tex\generic\pgf\basiclayer\pgfcore.code.tex"
Package: pgfcore 2010/04/11 v2.10 (rcs-revision 1.7)

("C:\Program Files\MiKTeX\tex\generic\pgf\math\pgfmath.code.tex"
("C:\Program Files\MiKTeX\tex\generic\pgf\math\pgfmathcalc.code.tex"
("C:\Program Files\MiKTeX\tex\generic\pgf\math\pgfmathutil.code.tex")
("C:\Program Files\MiKTeX\tex\generic\pgf\math\pgfmathparser.code.tex"
\pgfmath@dimen=\dimen257
\pgfmath@count=\count172
\pgfmath@box=\box54
\pgfmath@toks=\toks32
\pgfmath@stack@operand=\toks33
\pgfmath@stack@operation=\toks34
)
("C:\Program Files\MiKTeX\tex\generic\pgf\math\pgfmathfunctions.code.tex"
("C:\Program Files\MiKTeX\tex\generic\pgf\math\pgfmathfunctions.basic.code.tex"
)
("C:\Program Files\MiKTeX\tex\generic\pgf\math\pgfmathfunctions.trigonometric.c
ode.tex")
("C:\Program Files\MiKTeX\tex\generic\pgf\math\pgfmathfunctions.random.code.tex
")
("C:\Program Files\MiKTeX\tex\generic\pgf\math\pgfmathfunctions.comparison.code
.tex")
("C:\Program Files\MiKTeX\tex\generic\pgf\math\pgfmathfunctions.base.code.tex")
("C:\Program Files\MiKTeX\tex\generic\pgf\math\pgfmathfunctions.round.code.tex"
) ("C:\Program Files\MiKTeX\tex\generic\pgf\math\pgfmathfunctions.misc.code.tex
"))) ("C:\Program Files\MiKTeX\tex\generic\pgf\math\pgfmathfloat.code.tex"
\c@pgfmathroundto@lastzeros=\count173
))
("C:\Program Files\MiKTeX\tex\generic\pgf\basiclayer\pgfcorepoints.code.tex"
File: pgfcorepoints.code.tex 2010/04/09  (rcs-revision 1.20)
\pgf@picminx=\dimen258
\pgf@picmaxx=\dimen259
\pgf@picminy=\dimen260
\pgf@picmaxy=\dimen261
\pgf@pathminx=\dimen262
\pgf@pathmaxx=\dimen263
\pgf@pathminy=\dimen264
\pgf@pathmaxy=\dimen265
\pgf@xx=\dimen266
\pgf@xy=\dimen267
\pgf@yx=\dimen268
\pgf@yy=\dimen269
\pgf@zx=\dimen270
\pgf@zy=\dimen271
)
("C:\Program Files\MiKTeX\tex\generic\pgf\basiclayer\pgfcorepathconstruct.code.
tex"
File: pgfcorepathconstruct.code.tex 2010/08/03  (rcs-revision 1.24)
\pgf@path@lastx=\dimen272
\pgf@path@lasty=\dimen273
)
("C:\Program Files\MiKTeX\tex\generic\pgf\basiclayer\pgfcorepathusage.code.tex"
File: pgfcorepathusage.code.tex 2008/04/22  (rcs-revision 1.12)
\pgf@shorten@end@additional=\dimen274
\pgf@shorten@start@additional=\dimen275
) ("C:\Program Files\MiKTeX\tex\generic\pgf\basiclayer\pgfcorescopes.code.tex"
File: pgfcorescopes.code.tex 2010/09/08  (rcs-revision 1.34)
\pgfpic=\box55
\pgf@hbox=\box56
\pgf@layerbox@main=\box57
\pgf@picture@serial@count=\count174
)
("C:\Program Files\MiKTeX\tex\generic\pgf\basiclayer\pgfcoregraphicstate.code.t
ex"
File: pgfcoregraphicstate.code.tex 2008/04/22  (rcs-revision 1.9)
\pgflinewidth=\dimen276
)
("C:\Program Files\MiKTeX\tex\generic\pgf\basiclayer\pgfcoretransformations.cod
e.tex"
File: pgfcoretransformations.code.tex 2009/06/10  (rcs-revision 1.11)
\pgf@pt@x=\dimen277
\pgf@pt@y=\dimen278
\pgf@pt@temp=\dimen279
)
("C:\Program Files\MiKTeX\tex\generic\pgf\basiclayer\pgfcorequick.code.tex"
File: pgfcorequick.code.tex 2008/10/09  (rcs-revision 1.3)
)
("C:\Program Files\MiKTeX\tex\generic\pgf\basiclayer\pgfcoreobjects.code.tex"
File: pgfcoreobjects.code.tex 2006/10/11  (rcs-revision 1.2)
)
("C:\Program Files\MiKTeX\tex\generic\pgf\basiclayer\pgfcorepathprocessing.code
.tex"
File: pgfcorepathprocessing.code.tex 2008/10/09  (rcs-revision 1.8)
)
("C:\Program Files\MiKTeX\tex\generic\pgf\basiclayer\pgfcorearrows.code.tex"
File: pgfcorearrows.code.tex 2008/04/23  (rcs-revision 1.11)
)
("C:\Program Files\MiKTeX\tex\generic\pgf\basiclayer\pgfcoreshade.code.tex"
File: pgfcoreshade.code.tex 2008/11/23  (rcs-revision 1.13)
\pgf@max=\dimen280
\pgf@sys@shading@range@num=\count175
)
("C:\Program Files\MiKTeX\tex\generic\pgf\basiclayer\pgfcoreimage.code.tex"
File: pgfcoreimage.code.tex 2010/03/25  (rcs-revision 1.16)

("C:\Program Files\MiKTeX\tex\generic\pgf\basiclayer\pgfcoreexternal.code.tex"
File: pgfcoreexternal.code.tex 2010/09/01  (rcs-revision 1.17)
\pgfexternal@startupbox=\box58
)) ("C:\Program Files\MiKTeX\tex\generic\pgf\basiclayer\pgfcorelayers.code.tex"
File: pgfcorelayers.code.tex 2010/08/27  (rcs-revision 1.2)
)
("C:\Program Files\MiKTeX\tex\generic\pgf\basiclayer\pgfcoretransparency.code.t
ex"
File: pgfcoretransparency.code.tex 2008/01/17  (rcs-revision 1.2)
)
("C:\Program Files\MiKTeX\tex\generic\pgf\basiclayer\pgfcorepatterns.code.tex"
File: pgfcorepatterns.code.tex 2009/07/02  (rcs-revision 1.3)
))) ("C:\Program Files\MiKTeX\tex\generic\pgf\modules\pgfmoduleshapes.code.tex"
File: pgfmoduleshapes.code.tex 2010/09/09  (rcs-revision 1.13)
\pgfnodeparttextbox=\box59
) ("C:\Program Files\MiKTeX\tex\generic\pgf\modules\pgfmoduleplot.code.tex"
File: pgfmoduleplot.code.tex 2010/10/22  (rcs-revision 1.8)
)
("C:\Program Files\MiKTeX\tex\latex\pgf\compatibility\pgfcomp-version-0-65.sty"
Package: pgfcomp-version-0-65 2007/07/03 v2.10 (rcs-revision 1.7)
\pgf@nodesepstart=\dimen281
\pgf@nodesepend=\dimen282
) ("C:\Program Files\MiKTeX\tex\latex\pgf\compatibility\pgfcomp-version-1-18.st
y"
Package: pgfcomp-version-1-18 2007/07/23 v2.10 (rcs-revision 1.1)
)) ("C:\Program Files\MiKTeX\tex\latex\pgf\utilities\pgffor.sty"
("C:\Program Files\MiKTeX\tex\latex\pgf\utilities\pgfkeys.sty"
("C:\Program Files\MiKTeX\tex\generic\pgf\utilities\pgfkeys.code.tex"))
("C:\Program Files\MiKTeX\tex\generic\pgf\utilities\pgffor.code.tex"
Package: pgffor 2010/03/23 v2.10 (rcs-revision 1.18)
\pgffor@iter=\dimen283
\pgffor@skip=\dimen284
\pgffor@stack=\toks35
\pgffor@toks=\toks36
))
("C:\Program Files\MiKTeX\tex\generic\pgf\frontendlayer\tikz\tikz.code.tex"
Package: tikz 2010/10/13 v2.10 (rcs-revision 1.76)

("C:\Program Files\MiKTeX\tex\generic\pgf\libraries\pgflibraryplothandlers.code
.tex"
File: pgflibraryplothandlers.code.tex 2010/05/31 v2.10 (rcs-revision 1.15)
\pgf@plot@mark@count=\count176
\pgfplotmarksize=\dimen285
)
\tikz@lastx=\dimen286
\tikz@lasty=\dimen287
\tikz@lastxsaved=\dimen288
\tikz@lastysaved=\dimen289
\tikzleveldistance=\dimen290
\tikzsiblingdistance=\dimen291
\tikz@figbox=\box60
\tikz@tempbox=\box61
\tikztreelevel=\count177
\tikznumberofchildren=\count178
\tikznumberofcurrentchild=\count179
\tikz@fig@count=\count180

("C:\Program Files\MiKTeX\tex\generic\pgf\modules\pgfmodulematrix.code.tex"
File: pgfmodulematrix.code.tex 2010/08/24  (rcs-revision 1.4)
\pgfmatrixcurrentrow=\count181
\pgfmatrixcurrentcolumn=\count182
\pgf@matrix@numberofcolumns=\count183
)
\tikz@expandcount=\count184

("C:\Program Files\MiKTeX\tex\generic\pgf\frontendlayer\tikz\libraries\tikzlibr
arytopaths.code.tex"
File: tikzlibrarytopaths.code.tex 2008/06/17 v2.10 (rcs-revision 1.2)
))) ("C:\Program Files\MiKTeX\tex\latex\mh\mathtools.sty"
Package: mathtools 2013/02/12 v1.13 mathematical typesetting tools

("C:\Program Files\MiKTeX\tex\latex\tools\calc.sty"
Package: calc 2007/08/22 v4.3 Infix arithmetic (KKT,FJ)
\calc@Acount=\count185
\calc@Bcount=\count186
\calc@Adimen=\dimen292
\calc@Bdimen=\dimen293
\calc@Askip=\skip75
\calc@Bskip=\skip76
LaTeX Info: Redefining \setlength on input line 76.
LaTeX Info: Redefining \addtolength on input line 77.
\calc@Ccount=\count187
\calc@Cskip=\skip77
)
("C:\Program Files\MiKTeX\tex\latex\mh\mhsetup.sty"
Package: mhsetup 2010/01/21 v1.2a programming setup (MH)
)
LaTeX Info: Thecontrolsequence`\['isalreadyrobust on input line 129.
LaTeX Info: Thecontrolsequence`\]'isalreadyrobust on input line 129.
\g_MT_multlinerow_int=\count188
\l_MT_multwidth_dim=\dimen294
\origjot=\skip78
\l_MT_shortvdotswithinadjustabove_dim=\dimen295
\l_MT_shortvdotswithinadjustbelow_dim=\dimen296
\l_MT_above_intertext_sep=\dimen297
\l_MT_below_intertext_sep=\dimen298
\l_MT_above_shortintertext_sep=\dimen299
\l_MT_below_shortintertext_sep=\dimen300
)
("C:\Program Files\MiKTeX\tex\latex\tools\bm.sty"
Package: bm 2004/02/26 v1.1c Bold Symbol Support (DPC/FMi)
\symboldoperators=\mathgroup6
\symboldletters=\mathgroup7
\symboldsymbols=\mathgroup8
LaTeX Font Info:    Redeclaring math alphabet \mathbf on input line 138.
LaTeX Info: Redefining \bm on input line 204.
)
("C:\Program Files\MiKTeX\tex\latex\chemmacros\chemformula.sty"
("C:\Program Files\MiKTeX\tex\generic\pgf\frontendlayer\tikz\libraries\tikzlibr
aryarrows.code.tex"
File: tikzlibraryarrows.code.tex 2008/01/09 v2.10 (rcs-revision 1.1)

("C:\Program Files\MiKTeX\tex\generic\pgf\libraries\pgflibraryarrows.code.tex"
File: pgflibraryarrows.code.tex 2008/10/27 v2.10 (rcs-revision 1.9)
\arrowsize=\dimen301
))
Package: chemformula 2013/11/04 v4.2a typeset chemical compounds and reactions
.................................................
. LaTeX info: "xparse/define-command"
. 
. Defining document command \DeprecatedFormulaCommand with arg. spec. 'mmm' on
. line 164.
.................................................
Variant \keys_set:nV already defined; not changing it on line 168
Variant \tl_if_blank:VF already defined; not changing it on line 169
Variant \tl_set_rescan:NnV already defined; not changing it on line 172
\l__chemformula_tmpa_dim=\dimen302
\l__chemformula_tmpb_dim=\dimen303
\l__chemformula_tmpa_int=\count189
\l__chemformula_tmpb_int=\count190
\l__chemformula_tmpa_box=\box62
\l__chemformula_tmpb_box=\box63
\l__chemformula_arrow_length_dim=\dimen304
\l__chemformula_arrow_label_offset_dim=\dimen305
\l__chemformula_arrow_minimum_length_dim=\dimen306
\l__chemformula_arrow_shortage_dim=\dimen307
\l__chemformula_arrow_offset_dim=\dimen308
\l__chemformula_compound_sep_dim=\dimen309
\l__chemformula_arrow_yshift_dim=\dimen310
\l__chemformula_radical_radius_dim=\dimen311
\l__chemformula_radical_hshift_dim=\dimen312
\l__chemformula_radical_vshift_dim=\dimen313
\l__chemformula_radical_space_dim=\dimen314
\l__chemformula_arrow_head_dim=\dimen315
\l__chemformula_name_dim=\dimen316
\l__chemformula_adduct_space_dim=\dimen317
\l__chemformula_charge_shift_dim=\dimen318
\l__chemformula_subscript_shift_dim=\dimen319
\l__chemformula_superscript_shift_dim=\dimen320
\l__chemformula_subscript_dim=\dimen321
\l__chemformula_superscript_dim=\dimen322
\l__chemformula_bond_dim=\dimen323
\l__chemformula_bond_space_dim=\dimen324
\l__chemformula_elspec_pair_distance_dim=\dimen325
\l__chemformula_elspec_pair_line_length_dim=\dimen326
\l__chemformula_elspec_pair_width_dim=\dimen327
\l__chemformula_stoich_space_skip=\skip79
\l__chemformula_math_space_skip=\skip80
\l__chemformula_plus_space_skip=\skip81
\l__chemformula_count_tokens_int=\count191
\g__chemformula_lewis_int=\count192
\l__chemformula_arrow_arg_i_box=\box64
\l__chemformula_arrow_arg_ii_box=\box65
\l__chemformula_superscript_box=\box66
\l__chemformula_subscript_box=\box67
.................................................
. LaTeX info: "xparse/define-command"
. 
. Defining document command \charrow with arg. spec. 'mO{}O{}' on line 762.
.................................................
.................................................
. LaTeX info: "xparse/define-command"
. 
. Defining document command \DeclareChemArrow with arg. spec. 'mm' on line
. 824.
.................................................
.................................................
. LaTeX info: "xparse/define-command"
. 
. Defining document command \RenewChemArrow with arg. spec. 'mm' on line 831.
.................................................
.................................................
. LaTeX info: "xparse/define-command"
. 
. Defining document command \ShowChemArrow with arg. spec. 'm' on line 837.
.................................................
.................................................
. LaTeX info: "xparse/define-command"
. 
. Defining document command \ch with arg. spec. 'O{}m' on line 1031.
.................................................
.................................................
. LaTeX info: "xparse/define-command"
. 
. Defining document command \chcpd with arg. spec. 'O{}m' on line 1050.
.................................................
.................................................
. LaTeX info: "xparse/define-command"
. 
. Defining document command \chname with arg. spec. 'R(){}R(){}' on line 1083.
.................................................
.................................................
. LaTeX info: "xparse/define-command"
. 
. Defining document command \DeclareChemBond with arg. spec. 'mm' on line
. 1260.
.................................................
.................................................
. LaTeX info: "xparse/define-command"
. 
. Defining document command \DeclareChemBondAlias with arg. spec. 'mm' on line
. 1271.
.................................................
.................................................
. LaTeX info: "xparse/define-command"
. 
. Defining document command \RenewChemBond with arg. spec. 'mm' on line 1278.
.................................................
.................................................
. LaTeX info: "xparse/define-command"
. 
. Defining document command \ShowChemBond with arg. spec. 'm' on line 1284.
.................................................
.................................................
. LaTeX info: "xparse/define-command"
. 
. Defining document command \bond with arg. spec. 'm' on line 1287.
.................................................
.................................................
. LaTeX info: "xparse/define-command"
. 
. Defining document command \chlewis with arg. spec. 'O{}mm' on line 2590.
.................................................
.................................................
. LaTeX info: "xparse/define-command"
. 
. Defining document command \setchemformula with arg. spec. 'm' on line 2595.
.................................................
) ("C:\Program Files\MiKTeX\tex\latex\chemmacros\chemgreek.sty"
Package: chemgreek 2013/08/24 v0.2 interface for upright greek letters for use 
in chemistry (CN)
\l__chemgreek_tmpa_int=\count193
\g__chemgreek_tmpa_int=\count194
.................................................
. LaTeX info: "xparse/define-command"
. 
. Defining document command \newchemgreekmapping with arg. spec. 'mm' on line
. 177.
.................................................
.................................................
. LaTeX info: "xparse/define-command"
. 
. Defining document command \renewchemgreekmapping with arg. spec. 'mm' on
. line 180.
.................................................
.................................................
. LaTeX info: "xparse/define-command"
. 
. Defining document command \declarechemgreekmapping with arg. spec. 'mm' on
. line 183.
.................................................
.................................................
. LaTeX info: "xparse/define-command"
. 
. Defining document command \changechemgreeksymbol with arg. spec. 'mmmm' on
. line 204.
.................................................
.................................................
. LaTeX info: "xparse/define-command"
. 
. Defining document command \activatechemgreekmapping with arg. spec. 'som' on
. line 237.
.................................................
.................................................
. LaTeX info: "xparse/define-command"
. 
. Defining document command \selectchemgreekmapping with arg. spec. 'm' on
. line 242.
.................................................
)
("C:\Program Files\MiKTeX\tex\generic\pgf\frontendlayer\tikz\libraries\tikzlibr
arycalc.code.tex"
File: tikzlibrarycalc.code.tex 2009/09/04 v2.10 (rcs-revision 1.6)
)
.................................................
. LaTeX info: "xparse/define-command"
. 
. Defining document command \DeclareChemDeprecated with arg. spec. 'mmm' on
. line 355.
.................................................
.................................................
. LaTeX info: "xparse/define-command"
. 
. Defining document command \DeclareChemDropped with arg. spec. 'm' on line
. 365.
.................................................
\l__chemmacros_tmpa_int=\count195
\l__chemmacros_tmpa_box=\box68
.................................................
. LaTeX info: "xparse/define-command"
. 
. Defining document command \DeclareChemParticle with arg. spec. 'mm' on line
. 746.
.................................................
.................................................
. LaTeX info: "xparse/define-command"
. 
. Defining document command \RenewChemParticle with arg. spec. 'mm' on line
. 753.
.................................................
.................................................
. LaTeX info: "xparse/define-command"
. 
. Defining document command \mch with arg. spec. 'o' on line 812.
.................................................
.................................................
. LaTeX info: "xparse/define-command"
. 
. Defining document command \pch with arg. spec. 'o' on line 819.
.................................................
.................................................
. LaTeX info: "xparse/define-command"
. 
. Defining document command \fmch with arg. spec. 'o' on line 826.
.................................................
.................................................
. LaTeX info: "xparse/define-command"
. 
. Defining document command \fpch with arg. spec. 'o' on line 833.
.................................................
.................................................
. LaTeX info: "xparse/define-command"
. 
. Defining document command \chemmacros_Nu:w with arg. spec. 'o' on line 905.
.................................................
.................................................
. LaTeX info: "xparse/define-command"
. 
. Defining document command \ba with arg. spec. 'o' on line 928.
.................................................
.................................................
. LaTeX info: "xparse/define-command"
. 
. Defining document command \DeclareChemIUPAC with arg. spec. 'mm' on line
. 1033.
.................................................
.................................................
. LaTeX info: "xparse/define-command"
. 
. Defining document command \RenewChemIUPAC with arg. spec. 'mm' on line 1036.
.................................................
\l__chemmacros_cip_kern_dim=\dimen328
.................................................
. LaTeX info: "xparse/define-command"
. 
. Defining document command \cip with arg. spec. 'm' on line 1047.
.................................................
.................................................
. LaTeX info: "xparse/define-command"
. 
. Defining document command \Sconf with arg. spec. 'O{S}' on line 1085.
.................................................
.................................................
. LaTeX info: "xparse/define-command"
. 
. Defining document command \Rconf with arg. spec. 'O{R}' on line 1086.
.................................................
\l__chemmacros_iupac_hyphen_pre_dim=\dimen329
\l__chemmacros_iupac_hyphen_post_dim=\dimen330
\l__chemmacros_iupac_break_dim=\dimen331
.................................................
. LaTeX info: "xparse/define-command"
. 
. Defining document command \iupac with arg. spec. 'm' on line 1253.
.................................................
.................................................
. LaTeX info: "xparse/define-command"
. 
. Defining document command \DeclareChemLatin with arg. spec. 'mm' on line
. 1287.
.................................................
.................................................
. LaTeX info: "xparse/define-command"
. 
. Defining document command \RenewChemLatin with arg. spec. 'mm' on line 1290.
.................................................
.................................................
. LaTeX info: "xparse/define-command"
. 
. Defining document command \p with arg. spec. 'm' on line 1376.
.................................................
.................................................
. LaTeX info: "xparse/define-command"
. 
. Defining document command \pKa with arg. spec. 'o' on line 1398.
.................................................
.................................................
. LaTeX info: "xparse/define-command"
. 
. Defining document command \pKb with arg. spec. 'o' on line 1408.
.................................................
.................................................
. LaTeX info: "xparse/define-command"
. 
. Defining document command \mech with arg. spec. 'o' on line 1527.
.................................................
\l__chemmacros_ox_number_int=\count196
.................................................
. LaTeX info: "xparse/define-command"
. 
. Defining document command \ox with arg. spec. 'so>{\SplitArgument {1}{,}}m'
. on line 1772.
.................................................
\l__chemmacros_redox_sep_dim=\dimen332
\l__chemmacros_redox_sep_default_dim=\dimen333
\l__chemmacros_redox_dist_dim=\dimen334
.................................................
. LaTeX info: "xparse/define-command"
. 
. Defining document command \OX with arg. spec. '>{\SplitArgument {1}{,}}m' on
. line 1794.
.................................................
.................................................
. LaTeX info: "xparse/define-command"
. 
. Defining document command \redox with arg. spec. '>{\SplitArgument
. {1}{,}}r()ooG{}' on line 1888.
.................................................
.................................................
. LaTeX info: "xparse/define-command"
. 
. Defining document command \DeclareChemNMR with arg. spec. 'mm' on line 2048.
.................................................
.................................................
. LaTeX info: "xparse/define-command"
. 
. Defining document command \RenewChemNMR with arg. spec. 'mm' on line 2051.
.................................................
.................................................
. LaTeX info: "xparse/define-command"
. 
. Defining document command \NMR with arg. spec. 'sG{}D(){}O{}' on line 2058.
.................................................
.................................................
. LaTeX info: "xparse/define-command"
. 
. Defining document command \chemmacros_data:w with arg. spec. 'smo' on line
. 2169.
.................................................
.................................................
. LaTeX info: "xparse/define-environment"
. 
. Defining document environment 'experimental' with arg. spec. 'o' on line
. 2199.
.................................................
\l__chemmacros_mhname_width_dim=\dimen335
.................................................
. LaTeX info: "xparse/define-command"
. 
. Defining document command \mhName with arg. spec. 'omm' on line 2326.
.................................................
\l__chemmacros_phases_space_dim=\dimen336
.................................................
. LaTeX info: "xparse/define-command"
. 
. Defining document command \DeclareChemPhase with arg. spec. 'mom' on line
. 2375.
.................................................
.................................................
. LaTeX info: "xparse/define-command"
. 
. Defining document command \RenewChemPhase with arg. spec. 'mom' on line
. 2378.
.................................................
.................................................
. LaTeX info: "xparse/define-command"
. 
. Defining document command \phase with arg. spec. 'm' on line 2420.
.................................................
.................................................
. LaTeX info: "xparse/define-command"
. 
. Defining document command \AddRxnDesc with arg. spec. 'm' on line 2477.
.................................................
\c@chemmacros_save_reaction=\count197
\c@reaction=\count198
.................................................
. LaTeX info: "xparse/define-command"
. 
. Defining document command \DeclareChemReaction with arg. spec. 'omm' on line
. 2611.
.................................................
.................................................
. LaTeX info: "xparse/define-command"
. 
. Defining document command \standardstate with arg. spec. '' on line 2630.
.................................................
.................................................
. LaTeX info: "xparse/define-command"
. 
. Defining document command \State with arg. spec. 'sO{}mG{}' on line 2730.
.................................................
.................................................
. LaTeX info: "xparse/define-command"
. 
. Defining document command \DeclareChemState with arg. spec. 'omO{}mm' on
. line 2808.
.................................................
.................................................
. LaTeX info: "xparse/define-command"
. 
. Defining document command \RenewChemState with arg. spec. 'omO{}mm' on line
. 2808.
.................................................
.................................................
. LaTeX info: "xparse/define-command"
. 
. Defining document command \newman with arg. spec. 'od()>{\SplitArgument
. {5}{,}}m' on line 2999.
.................................................
.................................................
. LaTeX info: "xparse/define-command"
. 
. Defining document command \orbital with arg. spec. 'om' on line 3678.
.................................................
\l__chemmacros_el_length_dim=\dimen337
.................................................
. LaTeX info: "xparse/define-command"
. 
. Defining document command \chemsetup with arg. spec. 'om' on line 3785.
.................................................
) ("C:\Program Files\MiKTeX\tex\latex\chemfig\chemfig.sty"
("C:\Program Files\MiKTeX\tex\generic\chemfig\chemfig.tex"
\CF@cnt@atomingroup=\count199
\CF@cnt@groupnumber=\count200
\CF@cnt@atomnumber=\count201
Normal \count register pool exhausted, switching to extended pool.
\CF@cnt@cycle=\count277
\CF@dim=\dimen338
\CF@lewis@box=\box69
\CF@box@boxa=\box70
\CF@box@boxb=\box71
\CF@stuff@box=\box72
\CF@unused=\write4
\CF@compound@cnt=\count278
\CF@arrow@size=\dimen339
)
Package: chemfig 2013/11/28 v1.0h Draw molecule with an easy syntax
)
("C:\Program Files\MiKTeX\tex\latex\pstricks\PSTricks.sty"

LaTeX Warning: You have requested package `PSTricks',
               but the package provides `pstricks'.

Package: pstricks 2013/10/21 v0.59 LaTeX wrapper for `PSTricks' (RN,HV)
("C:\Program Files\MiKTeX\tex\generic\pstricks\base\pstricks.tex"
("C:\Program Files\MiKTeX\tex\generic\xkeyval\pst-xkey.tex"
File: pst-xkey.tex 2005/11/25 v1.6 PSTricks specialization of xkeyval (HA)

("C:\Program Files\MiKTeX\tex\latex\xkeyval\xkeyval.sty"
Package: xkeyval 2012/10/14 v2.6b package option processing (HA)

("C:\Program Files\MiKTeX\tex\generic\xkeyval\xkeyval.tex"
\XKV@toks=\toks37
\XKV@tempa@toks=\toks38
\XKV@depth=\count279
File: xkeyval.tex 2012/10/14 v2.6b key=value parser (HA)
)))
("C:\Program Files\MiKTeX\tex\generic\pstricks\base\pst-fp.tex"
`pst-fp' v0.05, 2010/01/17 (hv)
\pstFP@xs=\count280
\pstFP@xia=\count281
\pstFP@xib=\count282
\pstFP@xfa=\count283
\pstFP@xfb=\count284
\pstFP@rega=\count285
\pstFP@regb=\count286
\pstFP@regs=\count287
\pstFP@times=\count288
)
("C:\Program Files\MiKTeX\tex\generic\pgf\utilities\pgfutil-common.tex"
\pgfutil@everybye=\toks39
)
("C:\Program Files\MiKTeX\tex\generic\pgf\utilities\pgfkeys.code.tex")
("C:\Program Files\MiKTeX\tex\generic\pgf\utilities\pgffor.code.tex"
\pgffor@iter=\dimen340
\pgffor@skip=\dimen341
\pgffor@stack=\toks40
\pgffor@toks=\toks41
)
\psLoopIndex=\count289

`PSTricks' v2.46  <2013/08/20> (tvz)
\pst@dima=\dimen342
\pst@dimb=\dimen343
\pst@dimc=\dimen344
\pst@dimd=\dimen345
\pst@dimg=\dimen346
\pst@dimh=\dimen347
\pst@dimm=\dimen348
\pst@dimn=\dimen349
\pst@dimo=\dimen350
\pst@dimp=\dimen351
\pst@hbox=\box73
\pst@ibox=\box74
\pst@boxg=\box75
\pst@cnta=\count290
\pst@cntb=\count291
\pst@cntc=\count292
\pst@cntd=\count293
\pst@cntg=\count294
\pst@cnth=\count295
\pst@cntm=\count296
\pst@cntn=\count297
\pst@cnto=\count298
\pst@cntp=\count299
\@zero=\count300
\pst@toks=\toks42
("C:\Program Files\MiKTeX\tex\generic\pstricks\base\pstricks.con")
\psunit=\dimen352
\psxunit=\dimen353
\psyunit=\dimen354
\pst@C@@rType=\count301
\pslinewidth=\dimen355
\psk@startLW=\dimen356
\psk@endLW=\dimen357
\pst@customdefs=\toks43
\pslinearc=\dimen358
\pst@symbolStep=\dimen359
\pst@symbolWidth=\dimen360
\pst@symbolLinewidth=\dimen361
\everypsbox=\toks44
\psframesep=\dimen362
\pslabelsep=\dimen363
\sh@wgridXunit=\dimen364
\sh@wgridYunit=\dimen365
\pst@shift=\dimen366
)
File: pstricks.tex 2013/08/20 v2.46 `PSTricks' (tvz,hv)

("C:\Program Files\MiKTeX\tex\generic\pstricks\base\pst-fp.tex")
File: pst-fp.tex 2013/08/20 v2.46 `PST-fp' (hv)
)
("C:\Program Files\MiKTeX\tex\latex\oberdiek\epstopdf.sty"
Package: epstopdf 2010/02/09 v2.5 Conversion with epstopdf on the fly (HO)

("C:\Program Files\MiKTeX\tex\latex\oberdiek\epstopdf-base.sty"
Package: epstopdf-base 2010/02/09 v2.5 Base part for package epstopdf

("C:\Program Files\MiKTeX\tex\latex\oberdiek\grfext.sty"
Package: grfext 2010/08/19 v1.1 Manage graphics extensions (HO)

("C:\Program Files\MiKTeX\tex\generic\oberdiek\kvdefinekeys.sty"
Package: kvdefinekeys 2011/04/07 v1.3 Define keys (HO)
))
("C:\Program Files\MiKTeX\tex\latex\oberdiek\kvoptions.sty"
Package: kvoptions 2011/06/30 v3.11 Key value format for package options (HO)

("C:\Program Files\MiKTeX\tex\generic\oberdiek\kvsetkeys.sty"
Package: kvsetkeys 2012/04/25 v1.16 Key value parser (HO)

("C:\Program Files\MiKTeX\tex\generic\oberdiek\etexcmds.sty"
Package: etexcmds 2011/02/16 v1.5 Avoid name clashes with e-TeX commands (HO)

("C:\Program Files\MiKTeX\tex\generic\oberdiek\ifluatex.sty"
Package: ifluatex 2010/03/01 v1.3 Provides the ifluatex switch (HO)
Package ifluatex Info: LuaTeX not detected.
)
Package etexcmds Info: Could not find \expanded.
(etexcmds)             That can mean that you are not using pdfTeX 1.50 or
(etexcmds)             that some package has redefined \expanded.
(etexcmds)             In the latter case, load this package earlier.
)))
("C:\Program Files\MiKTeX\tex\generic\oberdiek\pdftexcmds.sty"
Package: pdftexcmds 2011/11/29 v0.20 Utility functions of pdfTeX for LuaTeX (HO
)
Package pdftexcmds Info: LuaTeX not detected.
Package pdftexcmds Info: \pdf@primitive is available.
Package pdftexcmds Info: \pdf@ifprimitive is available.
Package pdftexcmds Info: \pdfdraftmode found.
)
Package grfext Info: Graphics extension search list:
(grfext)             [.png,.pdf,.jpg,.mps,.jpeg,.jbig2,.jb2,.PNG,.PDF,.JPG,.JPE
G,.JBIG2,.JB2,.eps]
(grfext)             \AppendGraphicsExtensions on input line 452.
))
("C:\Program Files\MiKTeX\tex\generic\oberdiek\hyphsubst.sty"
Package: hyphsubst 2008/06/09 v0.2 Substitute hyphenation patterns (HO)
Package hyphsubst Info: Redefined: \l@ngerman
(hyphsubst)             old value: 43
(hyphsubst)             new value: 44 on input line 223.
)
("C:\Program Files\MiKTeX\tex\latex\pgfplots\pgfplots.sty"
("C:\Program Files\MiKTeX\tex\generic\pgfplots\pgfplots.revision.tex")
Package: pgfplots 2014/02/28 v1.10 Data Visualization (1.10-2-gb39fe75)

("C:\Program Files\MiKTeX\tex\generic\pgfplots\pgfplots.code.tex"
("C:\Program Files\MiKTeX\tex\generic\pgfplots\pgfplotscore.code.tex"
\t@pgfplots@toka=\toks45
\t@pgfplots@tokb=\toks46
\t@pgfplots@tokc=\toks47
\pgfplots@tmpa=\dimen367
\c@pgfplots@coordindex=\count302
\c@pgfplots@scanlineindex=\count303

("C:\Program Files\MiKTeX\tex\generic\pgfplots\sys\pgfplotssysgeneric.code.tex"
)) ("C:\Program Files\MiKTeX\tex\generic\pgfplots\libs\pgfplotslibrary.code.tex
")
("C:\Program Files\MiKTeX\tex\generic\pgfplots\oldpgfcompatib\pgfplotsoldpgfsup
p_loader.code.tex"
Package pgfplots: loading complementary code for your PGF version...

("C:\Program Files\MiKTeX\tex\generic\pgfplots\oldpgfcompatib\pgfplotsoldpgfsup
p_misc.code.tex")
("C:\Program Files\MiKTeX\tex\generic\pgfplots\oldpgfcompatib\pgfplotsoldpgfsup
p_pgfkeys.code.tex"
\pgfkeys@pathtoks=\toks48
\pgfkeys@temptoks=\toks49

("C:\Program Files\MiKTeX\tex\generic\pgfplots\oldpgfcompatib\pgfplotsoldpgfsup
p_pgfkeysfiltered.code.tex"
\pgfkeys@tmptoks=\toks50
))
("C:\Program Files\MiKTeX\tex\generic\pgfplots\oldpgfcompatib\pgfplotsoldpgfsup
p_pgfmathfloat.code.tex"
\c@pgfmathroundto@lastzeros=\count304
)
("C:\Program Files\MiKTeX\tex\generic\pgfplots\oldpgfcompatib\pgfplotsoldpgfsup
p_pgflibraryplothandlers.code.tex"
File: pgflibraryplothandlers.code.tex 2012/09/11 v2.10 (rcs-revision 1.17)
\pgf@plot@mark@count=\count305
\pgfplotmarksize=\dimen368
)
("C:\Program Files\MiKTeX\tex\generic\pgfplots\oldpgfcompatib\pgfplotsoldpgfsup
p_pgflibraryfpu.code.tex")
("C:\Program Files\MiKTeX\tex\generic\pgfplots\oldpgfcompatib\pgfplotsoldpgfsup
p_pgfcorescopes.code.tex"
File: pgfcorescopes.code.tex 2012/11/30  (rcs-revision 1.38)
\pgfpic=\box76
\pgf@hbox=\box77
\pgf@layerbox@main=\box78
\pgf@picture@serial@count=\count306
)
("C:\Program Files\MiKTeX\tex\generic\pgfplots\oldpgfcompatib\pgfplotsoldpgfsup
p_pgfcorelayers.code.tex"
File: pgfcorelayers.code.tex 2012/11/07  (rcs-revision 1.5)
)
Package pgfplots: loading complementary utilities for your pgf version...
\t@pgf@toka=\toks51
\t@pgf@tokb=\toks52
\t@pgf@tokc=\toks53

("C:\Program Files\MiKTeX\tex\generic\pgfplots\oldpgfcompatib\pgfplotsoldpgfsup
p_pgfutil-common-lists.tex"))
("C:\Program Files\MiKTeX\tex\generic\pgfplots\util\pgfplotsutil.code.tex"
("C:\Program Files\MiKTeX\tex\generic\pgfplots\liststructure\pgfplotsliststruct
ure.code.tex")
("C:\Program Files\MiKTeX\tex\generic\pgfplots\liststructure\pgfplotsliststruct
ureext.code.tex")
("C:\Program Files\MiKTeX\tex\generic\pgfplots\liststructure\pgfplotsarray.code
.tex"
\c@pgfplotsarray@tmp=\count307
)
("C:\Program Files\MiKTeX\tex\generic\pgfplots\liststructure\pgfplotsmatrix.cod
e.tex")
("C:\Program Files\MiKTeX\tex\generic\pgfplots\numtable\pgfplotstableshared.cod
e.tex"
\c@pgfplotstable@counta=\count308
\t@pgfplotstable@a=\toks54
)
("C:\Program Files\MiKTeX\tex\generic\pgfplots\liststructure\pgfplotsdeque.code
.tex")
("C:\Program Files\MiKTeX\tex\generic\pgfplots\util\pgfplotsbinary.code.tex"
("C:\Program Files\MiKTeX\tex\generic\pgfplots\util\pgfplotsbinary.data.code.te
x"))
("C:\Program Files\MiKTeX\tex\generic\pgfplots\util\pgfplotsutil.verb.code.tex"
)
("C:\Program Files\MiKTeX\tex\generic\pgfplots\libs\pgflibrarypgfplots.surfshad
ing.code.tex"
\c@pgfplotslibrarysurf@no=\count309

("C:\Program Files\MiKTeX\tex\generic\pgfplots\sys\pgflibrarypgfplots.surfshadi
ng.pgfsys-pdftex.def")))
("C:\Program Files\MiKTeX\tex\generic\pgfplots\util\pgfplotscolormap.code.tex"
("C:\Program Files\MiKTeX\tex\generic\pgfplots\util\pgfplotscolor.code.tex"))
("C:\Program Files\MiKTeX\tex\generic\pgfplots\pgfplotsstackedplots.code.tex")
("C:\Program Files\MiKTeX\tex\generic\pgfplots\pgfplotsplothandlers.code.tex"
("C:\Program Files\MiKTeX\tex\generic\pgfplots\pgfplotsmeshplothandler.code.tex
")) ("C:\Program Files\MiKTeX\tex\generic\pgfplots\pgfplots.scaling.code.tex")
("C:\Program Files\MiKTeX\tex\generic\pgfplots\pgfplotscoordprocessing.code.tex
") ("C:\Program Files\MiKTeX\tex\generic\pgfplots\pgfplots.errorbars.code.tex")
("C:\Program Files\MiKTeX\tex\generic\pgfplots\pgfplots.markers.code.tex")
("C:\Program Files\MiKTeX\tex\generic\pgfplots\pgfplotsticks.code.tex")
("C:\Program Files\MiKTeX\tex\generic\pgfplots\pgfplots.paths.code.tex")
("C:\Program Files\MiKTeX\tex\generic\pgf\frontendlayer\tikz\libraries\tikzlibr
arydecorations.code.tex"
("C:\Program Files\MiKTeX\tex\generic\pgf\modules\pgfmoduledecorations.code.tex
"
\pgfdecoratedcompleteddistance=\dimen369
\pgfdecoratedremainingdistance=\dimen370
\pgfdecoratedinputsegmentcompleteddistance=\dimen371
\pgfdecoratedinputsegmentremainingdistance=\dimen372
\pgf@decorate@distancetomove=\dimen373
\pgf@decorate@repeatstate=\count310
\pgfdecorationsegmentamplitude=\dimen374
\pgfdecorationsegmentlength=\dimen375
)
\tikz@lib@dec@box=\box79
)
("C:\Program Files\MiKTeX\tex\generic\pgf\frontendlayer\tikz\libraries\tikzlibr
arydecorations.pathmorphing.code.tex"
("C:\Program Files\MiKTeX\tex\generic\pgf\libraries\decorations\pgflibrarydecor
ations.pathmorphing.code.tex"))
("C:\Program Files\MiKTeX\tex\generic\pgf\frontendlayer\tikz\libraries\tikzlibr
arydecorations.pathreplacing.code.tex"
("C:\Program Files\MiKTeX\tex\generic\pgf\libraries\decorations\pgflibrarydecor
ations.pathreplacing.code.tex"))
\pgfplots@numplots=\count311
\pgfplots@xmin@reg=\dimen376
\pgfplots@xmax@reg=\dimen377
\pgfplots@ymin@reg=\dimen378
\pgfplots@ymax@reg=\dimen379
\pgfplots@zmin@reg=\dimen380
\pgfplots@zmax@reg=\dimen381
)
("C:\Program Files\MiKTeX\tex\generic\pgf\frontendlayer\tikz\libraries\tikzlibr
aryplotmarks.code.tex"
File: tikzlibraryplotmarks.code.tex 2008/01/09 v2.10 (rcs-revision 1.1)

("C:\Program Files\MiKTeX\tex\generic\pgf\libraries\pgflibraryplotmarks.code.te
x"
File: pgflibraryplotmarks.code.tex 2010/10/15 v2.10 (rcs-revision 1.12)
))) ("C:\Program Files\MiKTeX\tex\latex\pgfplots\pgfplotstable.sty"
("C:\Program Files\MiKTeX\tex\generic\pgfplots\pgfplots.revision.tex")
Package: pgfplotstable 2014/02/28 v1.10 Table typesetting and Pretty-printing (
1.10-2-gb39fe75)

("C:\Program Files\MiKTeX\tex\generic\pgfplots\numtable\pgfplotstable.code.tex"

("C:\Program Files\MiKTeX\tex\generic\pgfplots\numtable\pgfplotstable.coltype.c
ode.tex"))) ("C:\Program Files\MiKTeX\tex\latex\fancyhdr\fancyhdr.sty"
\fancy@headwidth=\skip82
\f@ncyO@elh=\skip83
\f@ncyO@erh=\skip84
\f@ncyO@olh=\skip85
\f@ncyO@orh=\skip86
\f@ncyO@elf=\skip87
\f@ncyO@erf=\skip88
\f@ncyO@olf=\skip89
\f@ncyO@orf=\skip90
)
("C:\Program Files\MiKTeX\tex\latex\sectsty\sectsty.sty"
Package: sectsty 2002/02/25 v2.0.2 Commands to change all sectional heading sty
les
)
("C:\Program Files\MiKTeX\tex\latex\tocbibind\tocbibind.sty"
Package: tocbibind 2010/10/13 v1.5k extra ToC listings
Package tocbibind Info: The document has section divisions on input line 50.


Package tocbibind Note: Using section or other style headings.

) ("C:\Program Files\MiKTeX\tex\latex\tocloft\tocloft.sty"
Package: tocloft 2013/05/02 v2.3f parameterised ToC, etc., typesetting
Package tocloft Info: The document has section divisions on input line 44.
\cftparskip=\skip91
\cftbeforetoctitleskip=\skip92
\cftaftertoctitleskip=\skip93
\cftbeforepartskip=\skip94
\cftpartnumwidth=\skip95
\cftpartindent=\skip96
\cftbeforesecskip=\skip97
\cftsecindent=\skip98
\cftsecnumwidth=\skip99
\cftbeforesubsecskip=\skip100
\cftsubsecindent=\skip101
\cftsubsecnumwidth=\skip102
\cftbeforesubsubsecskip=\skip103
\cftsubsubsecindent=\skip104
\cftsubsubsecnumwidth=\skip105
\cftbeforeparaskip=\skip106
\cftparaindent=\skip107
\cftparanumwidth=\skip108
\cftbeforesubparaskip=\skip109
\cftsubparaindent=\skip110
\cftsubparanumwidth=\skip111
\cftbeforeloftitleskip=\skip112
\cftafterloftitleskip=\skip113
\cftbeforefigskip=\skip114
\cftfigindent=\skip115
\cftfignumwidth=\skip116
\cftbeforelottitleskip=\skip117
\cftafterlottitleskip=\skip118
\cftbeforetabskip=\skip119
\cfttabindent=\skip120
\cfttabnumwidth=\skip121
\cftbeforesubfigskip=\skip122
\cftsubfigindent=\skip123
\cftsubfignumwidth=\skip124
\cftbeforesubtabskip=\skip125
\cftsubtabindent=\skip126
\cftsubtabnumwidth=\skip127
)
("C:\Program Files\MiKTeX\tex\latex\chemmacros\ghsystem.sty"
Package: ghsystem 2013/07/06 v4.0 globally harmonised system
\l__ghsystem_tmpa_int=\count312
\l__ghsystem_tmpb_int=\count313

("C:\Program Files\MiKTeX\tex\latex\tools\longtable.sty"
Package: longtable 2004/02/01 v4.11 Multi-page Table package (DPC)
\LTleft=\skip128
\LTright=\skip129
\LTpre=\skip130
\LTpost=\skip131
\LTchunksize=\count314
\LTcapwidth=\dimen382
\LT@head=\box80
\LT@firsthead=\box81
\LT@foot=\box82
\LT@lastfoot=\box83
\LT@cols=\count315
\LT@rows=\count316
\c@LT@tables=\count317
\c@LT@chunks=\count318
\LT@p@ftn=\toks55
)
Class scrartcl Info: longtable captions redefined on input line 132.
\l__ghsystem_list_all_column_width_dim=\dimen383
\l__ghsystem_table_line_sep_dim=\dimen384
.................................................
. LaTeX info: "xparse/define-command"
. 
. Defining document command \loadghsystemlanguage with arg. spec. 'm' on line
. 242.
.................................................
.................................................
. LaTeX info: "xparse/define-command"
. 
. Defining document command \ghs with arg. spec. 'somm' on line 380.
.................................................
.................................................
. LaTeX info: "xparse/define-command"
. 
. Defining document command \ghslistall with arg. spec. 'o' on line 466.
.................................................
.................................................
. LaTeX info: "xparse/define-command"
. 
. Defining document command \ghspic with arg. spec. 'om' on line 565.
.................................................
.................................................
. LaTeX info: "xparse/define-command"
. 
. Defining document command \ghssetup with arg. spec. 'm' on line 589.
.................................................
)
("C:\Program Files\MiKTeX\tex\latex\tools\xspace.sty"
Package: xspace 2009/10/20 v1.13 Space after command names (DPC,MH)
)
(C:\Users\markus\Desktop\PC2\4.2\document.aux)
LaTeX Font Info:    Checking defaults for OML/cmm/m/it on input line 98.
LaTeX Font Info:    ... okay on input line 98.
LaTeX Font Info:    Checking defaults for T1/cmr/m/n on input line 98.
LaTeX Font Info:    ... okay on input line 98.
LaTeX Font Info:    Checking defaults for OT1/cmr/m/n on input line 98.
LaTeX Font Info:    ... okay on input line 98.
LaTeX Font Info:    Checking defaults for OMS/cmsy/m/n on input line 98.
LaTeX Font Info:    ... okay on input line 98.
LaTeX Font Info:    Checking defaults for OMX/cmex/m/n on input line 98.
LaTeX Font Info:    ... okay on input line 98.
LaTeX Font Info:    Checking defaults for U/cmr/m/n on input line 98.
LaTeX Font Info:    ... okay on input line 98.
LaTeX Font Info:    Checking defaults for TS1/cmr/m/n on input line 98.
LaTeX Font Info:    Try loading font information for TS1+cmr on input line 98.

("C:\Program Files\MiKTeX\tex\latex\base\ts1cmr.fd"
File: ts1cmr.fd 1999/05/25 v2.5h Standard LaTeX font definitions
)
LaTeX Font Info:    ... okay on input line 98.
LaTeX Font Info:    Try loading font information for T1+lmr on input line 98.

("C:\Program Files\MiKTeX\tex\latex\lm\t1lmr.fd"
File: t1lmr.fd 2009/10/30 v1.6 Font defs for Latin Modern
)
*geometry* driver: auto-detecting
*geometry* detected driver: pdftex
*geometry* verbose mode - [ preamble ] result:
* driver: pdftex
* paper: a4paper
* layout: <same size as paper>
* layoutoffset:(h,v)=(0.0pt,0.0pt)
* modes: 
* h-part:(L,W,R)=(85.35826pt, 426.79135pt, 85.35826pt)
* v-part:(T,H,B)=(71.13188pt, 702.78308pt, 71.13188pt)
* \paperwidth=597.50787pt
* \paperheight=845.04684pt
* \textwidth=426.79135pt
* \textheight=702.78308pt
* \oddsidemargin=13.08827pt
* \evensidemargin=13.08827pt
* \topmargin=-38.53812pt
* \headheight=17.0pt
* \headsep=20.40001pt
* \topskip=11.0pt
* \footskip=47.60002pt
* \marginparwidth=59.7508pt
* \marginparsep=12.8401pt
* \columnsep=10.0pt
* \skip\footins=10.0pt plus 4.0pt minus 2.0pt
* \hoffset=0.0pt
* \voffset=0.0pt
* \mag=1000
* \@twocolumnfalse
* \@twosidefalse
* \@mparswitchfalse
* \@reversemarginfalse
* (1in=72.27pt=25.4mm, 1cm=28.453pt)

("C:\Program Files\MiKTeX\tex\context\base\supp-pdf.mkii"
[Loading MPS to PDF converter (version 2006.09.02).]
\scratchcounter=\count319
\scratchdimen=\dimen385
\scratchbox=\box84
\nofMPsegments=\count320
\nofMParguments=\count321
\everyMPshowfont=\toks56
\MPscratchCnt=\count322
\MPscratchDim=\dimen386
\MPnumerator=\count323
\makeMPintoPDFobject=\count324
\everyMPtoPDFconversion=\toks57
)
Package caption Info: Begin \AtBeginDocument code.
Package caption Info: subfig package v1.3 is loaded.
Package caption Info: longtable package is loaded.
 ("C:\Program Files\MiKTeX\tex\latex\caption\ltcaption.sty"
Package: ltcaption 2013/02/03 v1.3-62 longtable captions (AR)
)
Package caption Info: End \AtBeginDocument code.

("C:\Program Files\MiKTeX\tex\latex\translations\translations-basic-dictionary-
german.trsl"
File: translations-basic-dictionary-german.trsl (german translation file `trans
lations-basic-dictionary')
)
("C:\Program Files\MiKTeX\tex\latex\beamer\base\translator\dicts\translator-bas
ic-dictionary\translator-basic-dictionary-English.dict"
Dictionary: translator-basic-dictionary, Language: English 
)
("C:\Program Files\MiKTeX\tex\latex\siunitx\config\siunitx-abbreviations.cfg"
File: siunitx-abbreviations.cfg 2013/07/31 v2.5s siunitx: Abbreviated units
)
ABD: EveryShipout initializing macros

Package pgfplots Warning: running in backwards compatibility mode (unsuitable t
ick labels; missing features). Consider writing \pgfplotsset{compat=1.10} into 
your preamble.
 on input line 98.

("C:\Program Files\MiKTeX\tex\latex\chemmacros\ghsystem_german.def")
\c__siunitx_mathsf_int=\count325
LaTeX Font Info:    Try loading font information for OT1+lmr on input line 98.

("C:\Program Files\MiKTeX\tex\latex\lm\ot1lmr.fd"
File: ot1lmr.fd 2009/10/30 v1.6 Font defs for Latin Modern
)
LaTeX Font Info:    Try loading font information for OML+lmm on input line 98.

("C:\Program Files\MiKTeX\tex\latex\lm\omllmm.fd"
File: omllmm.fd 2009/10/30 v1.6 Font defs for Latin Modern
)
LaTeX Font Info:    Try loading font information for OMS+lmsy on input line 98.


("C:\Program Files\MiKTeX\tex\latex\lm\omslmsy.fd"
File: omslmsy.fd 2009/10/30 v1.6 Font defs for Latin Modern
)
LaTeX Font Info:    Try loading font information for OMX+lmex on input line 98.


("C:\Program Files\MiKTeX\tex\latex\lm\omxlmex.fd"
File: omxlmex.fd 2009/10/30 v1.6 Font defs for Latin Modern
)
LaTeX Font Info:    External font `lmex10' loaded for size
(Font)              <10.95> on input line 98.
LaTeX Font Info:    External font `lmex10' loaded for size
(Font)              <8> on input line 98.
LaTeX Font Info:    External font `lmex10' loaded for size
(Font)              <6> on input line 98.
LaTeX Font Info:    Try loading font information for U+msa on input line 98.

("C:\Program Files\MiKTeX\tex\latex\amsfonts\umsa.fd"
File: umsa.fd 2013/01/14 v3.01 AMS symbols A
)
LaTeX Font Info:    Try loading font information for U+msb on input line 98.

("C:\Program Files\MiKTeX\tex\latex\amsfonts\umsb.fd"
File: umsb.fd 2013/01/14 v3.01 AMS symbols B
)
LaTeX Font Info:    Try loading font information for OT1+lmss on input line 98.


("C:\Program Files\MiKTeX\tex\latex\lm\ot1lmss.fd"
File: ot1lmss.fd 2009/10/30 v1.6 Font defs for Latin Modern
)
\c__siunitx_mathtt_int=\count326
LaTeX Font Info:    Try loading font information for OT1+lmtt on input line 98.


("C:\Program Files\MiKTeX\tex\latex\lm\ot1lmtt.fd"
File: ot1lmtt.fd 2009/10/30 v1.6 Font defs for Latin Modern
)
LaTeX Font Info:    External font `lmex10' loaded for size
(Font)              <14.4> on input line 100.
LaTeX Font Info:    External font `lmex10' loaded for size
(Font)              <10> on input line 100.
LaTeX Font Info:    External font `lmex10' loaded for size
(Font)              <7> on input line 100.

<unilogo.pdf, id=4, 963.6pt x 542.025pt>
File: unilogo.pdf Graphic file (type pdf)
 <use unilogo.pdf>
Package pdftex.def Info: unilogo.pdf used on input line 100.
(pdftex.def)             Requested size: 113.81102pt x 64.01463pt.
 [1
Non-PDF special ignored!
Non-PDF special ignored!
Non-PDF special ignored!
Non-PDF special ignored!


Non-PDF special ignored!
Non-PDF special ignored!
Non-PDF special ignored!{C:/ProgramData/MiKTeX/2.9/pdftex/config/pdftex.map} <C
:/Users/markus/Desktop/PC2/4.2/unilogo.pdf>]
LaTeX Font Info:    Try loading font information for T1+lmss on input line 100.


("C:\Program Files\MiKTeX\tex\latex\lm\t1lmss.fd"
File: t1lmss.fd 2009/10/30 v1.6 Font defs for Latin Modern
)
(C:\Users\markus\Desktop\PC2\4.2\document.toc)
\tf@toc=\write5
 [2]
Overfull \hbox (5.7728pt too wide) in paragraph at lines 116--118
\T1/lmr/m/n/10.95 Die-se gal-va-ni-sche Zel-le wur-de 1836 von J. F. Da-ni-ell 
ent-wickelt und nach ihm be-nannt. 
 []

<daniell.png, id=21, 402.75468pt x 373.395pt>
File: daniell.png Graphic file (type png)
 <use daniell.png>
Package pdftex.def Info: daniell.png used on input line 121.
(pdftex.def)             Requested size: 402.7537pt x 373.39409pt.
 [3 <C:/Users/markus/Desktop/PC2/4.2/daniell.png>]
Package epstopdf Info: Source file: <schema.eps>
(epstopdf)                    date: 2014-12-04 15:03:29
(epstopdf)                    size: 18804 bytes
(epstopdf)             Output file: <schema-eps-converted-to.pdf>
(epstopdf)                    date: 2014-12-04 15:42:09
(epstopdf)                    size: 8371 bytes
(epstopdf)             Command: <epstopdf --outfile=schema-eps-converted-to.pdf
 schema.eps>
(epstopdf)             \includegraphics on input line 165.
Package epstopdf Info: Output file is already uptodate.

<schema-eps-converted-to.pdf, id=26, 191.71625pt x 143.53625pt>
File: schema-eps-converted-to.pdf Graphic file (type pdf)

<use schema-eps-converted-to.pdf>
Package pdftex.def Info: schema-eps-converted-to.pdf used on input line 165.
(pdftex.def)             Requested size: 191.71577pt x 143.53589pt.
Package epstopdf Info: Source file: <aufbau.eps>
(epstopdf)                    date: 2014-12-04 15:25:42
(epstopdf)                    size: 63655 bytes
(epstopdf)             Output file: <aufbau-eps-converted-to.pdf>
(epstopdf)                    date: 2014-12-04 15:42:09
(epstopdf)                    size: 22511 bytes
(epstopdf)             Command: <epstopdf --outfile=aufbau-eps-converted-to.pdf
 aufbau.eps>
(epstopdf)             \includegraphics on input line 175.
Package epstopdf Info: Output file is already uptodate.

<aufbau-eps-converted-to.pdf, id=27, 108.405pt x 127.47626pt>
File: aufbau-eps-converted-to.pdf Graphic file (type pdf)

<use aufbau-eps-converted-to.pdf>
Package pdftex.def Info: aufbau-eps-converted-to.pdf used on input line 175.
(pdftex.def)             Requested size: 108.40472pt x 127.47594pt.

Underfull \hbox (badness 10000) in paragraph at lines 180--182

 []

[4 <C:/Users/markus/Desktop/PC2/4.2/schema-eps-converted-to.pdf> <C:/Users/mark
us/Desktop/PC2/4.2/aufbau-eps-converted-to.pdf>] [5] [6]
(C:\Users\markus\Desktop\PC2\4.2\document.aux) ) 
Here is how much of TeX's memory you used:
 38618 strings out of 493921
 864846 string characters out of 3148883
 1043968 words of memory out of 3000000
 41108 multiletter control sequences out of 15000+200000
 142128 words of font info for 108 fonts, out of 3000000 for 9000
 841 hyphenation exceptions out of 8191
 74i,20n,78p,852b,1061s stack positions out of 5000i,500n,10000p,200000b,50000s
{C:/Program Files/MiKTeX/fonts/
enc/dvips/lm/lm-mathit.enc}{C:/Program Files/MiKTeX/fonts/enc/dvips/lm/lm-rm.en
c}{C:/Program Files/MiKTeX/fonts/enc/dvips/lm/lm-mathsy.enc}{C:/Program Files/M
iKTeX/fonts/enc/dvips/lm/lm-ec.enc}<C:/Program Files/MiKTeX/fonts/type1/public/
lm/lmbx10.pfb><C:/Program Files/MiKTeX/fonts/type1/public/lm/lmcsc10.pfb><C:/Pr
ogram Files/MiKTeX/fonts/type1/public/lm/lmmi10.pfb><C:/Program Files/MiKTeX/fo
nts/type1/public/lm/lmmi8.pfb><C:/Program Files/MiKTeX/fonts/type1/public/lm/lm
r10.pfb><C:/Program Files/MiKTeX/fonts/type1/public/lm/lmr12.pfb><C:/Program Fi
les/MiKTeX/fonts/type1/public/lm/lmr17.pfb><C:/Program Files/MiKTeX/fonts/type1
/public/lm/lmr6.pfb><C:/Program Files/MiKTeX/fonts/type1/public/lm/lmr7.pfb><C:
/Program Files/MiKTeX/fonts/type1/public/lm/lmr8.pfb><C:/Program Files/MiKTeX/f
onts/type1/public/lm/lmri10.pfb><C:/Program Files/MiKTeX/fonts/type1/public/lm/
lmss12.pfb><C:/Program Files/MiKTeX/fonts/type1/public/lm/lmsy10.pfb><C:/Progra
m Files/MiKTeX/fonts/type1/public/lm/lmsy8.pfb>
Output written on document.pdf (6 pages, 812070 bytes).
PDF statistics:
 115 PDF objects out of 1000 (max. 8388607)
 0 named destinations out of 1000 (max. 500000)
 21 words of extra memory for PDF output out of 10000 (max. 10000000)

